This file contains any messages produced by compilers while
running configure, to aid debugging if configure makes a mistake.

It was created by configure, which was
generated by GNU Autoconf 2.68.  Invocation command line was

  $ ./configure --disable-option-checking --prefix=/usr/local --build=i686-w64-mingw32 --host=i686-w64-mingw32 build_alias=i686-w64-mingw32 host_alias=i686-w64-mingw32 CC=icl --cache-file=/dev/null --srcdir=.

## --------- ##
## Platform. ##
## --------- ##

hostname = Matt
uname -m = i686
uname -r = 2.0.0(0.270/5/3)
uname -s = MSYS_NT-6.2-WOW64
uname -v = 2013-09-01 20:43

/usr/bin/uname -p = unknown
/bin/uname -X     = unknown

/bin/arch              = i686
/usr/bin/arch -k       = unknown
/usr/convex/getsysinfo = unknown
/usr/bin/hostinfo      = unknown
/bin/machine           = unknown
/usr/bin/oslevel       = unknown
/bin/universe          = unknown

PATH: /usr/local/bin
PATH: /usr/bin
PATH: /c/Program Files (x86)/Intel/Composer XE 2013 SP1/bin/ia32
PATH: /c/Program Files (x86)/Intel/Composer XE 2013 SP1/redist/ia32/compiler
PATH: /c/Program Files (x86)/Microsoft Visual Studio 12.0/Common7/IDE/CommonExtensions/Microsoft/TestWindow
PATH: /c/Program Files (x86)/Microsoft SDKs/F#/3.1/Framework/v4.0
PATH: /c/Program Files (x86)/MSBuild/12.0/bin
PATH: /c/Program Files (x86)/Microsoft Visual Studio 12.0/Common7/IDE
PATH: /c/Program Files (x86)/Microsoft Visual Studio 12.0/VC/BIN
PATH: /c/Program Files (x86)/Microsoft Visual Studio 12.0/Common7/Tools
PATH: /c/Windows/Microsoft.NET/Framework/v4.0.30319
PATH: /c/Program Files (x86)/Microsoft Visual Studio 12.0/VC/VCPackages
PATH: /c/Program Files (x86)/HTML Help Workshop
PATH: /c/Program Files (x86)/Microsoft Visual Studio 12.0/Team Tools/Performance Tools
PATH: /c/Program Files (x86)/Windows Kits/8.1/bin/x86
PATH: /c/Program Files (x86)/Microsoft SDKs/Windows/v8.1A/bin/NETFX 4.5.1 Tools
PATH: /c/Program Files (x86)/Intel/Composer XE 2013 SP1/redist/ia32/mkl
PATH: /c/Program Files (x86)/Intel/Composer XE 2013 SP1/redist/ia32/compiler
PATH: /c/Program Files (x86)/Intel/Advisor XE 2013/bin32
PATH: /c/Program Files (x86)/Intel/VTune Amplifier XE 2013/bin32
PATH: /c/Program Files (x86)/Intel/Inspector XE 2013/bin32
PATH: /c/Program Files (x86)/Common Files/Intel/Shared Libraries/redist/intel64/compiler
PATH: /c/Program Files (x86)/Common Files/Intel/Shared Libraries/redist/ia32/compiler
PATH: /c/Program Files (x86)/NVIDIA Corporation/PhysX/Common
PATH: /c/Program Files (x86)/Intel/iCLS Client
PATH: /c/Program Files/Intel/iCLS Client
PATH: /c/Windows/system32
PATH: /c/Windows
PATH: /c/Windows/System32/Wbem
PATH: /c/Windows/System32/WindowsPowerShell/v1.0
PATH: /c/Program Files/Intel/Intel(R) Management Engine Components/DAL
PATH: /c/Program Files/Intel/Intel(R) Management Engine Components/IPT
PATH: /c/Program Files (x86)/Intel/Intel(R) Management Engine Components/DAL
PATH: /c/Program Files (x86)/Intel/Intel(R) Management Engine Components/IPT
PATH: /c/Program Files (x86)/Windows Kits/8.1/Windows Performance Toolkit
PATH: /c/Program Files/Microsoft SQL Server/110/Tools/Binn
PATH: /c/SDKs/Perl/c/bin
PATH: /c/SDKs/Perl/perl/site/bin
PATH: /c/SDKs/Perl/perl/bin
PATH: /c/SDKs/Intel/OpenCL SDK/3.0/bin/x86
PATH: /c/SDKs/Intel/OpenCL SDK/3.0/bin/x64
PATH: /c/Program Files (x86)/Intel/Composer XE 2013 SP1/redist/ia32/mpirt


## ----------- ##
## Core tests. ##
## ----------- ##

configure:2173: checking whether make sets $(MAKE)
configure:2195: result: yes
configure:2216: checking for i686-w64-mingw32-gcc
configure:2243: result: icl
configure:2512: checking for C compiler version
configure:2521: icl --version >&5
Intel(R) C++ Compiler XE for applications running on IA-32, Version 14.0.1.139 Build 20131008
Copyright (C) 1985-2013 Intel Corporation.  All rights reserved.
icl: command line warning #10006: ignoring unknown option '/-version'

icl: command line error: no files specified; for help type "icl /help"
configure:2532: $? = 1
configure:2521: icl -v >&5
Intel(R) C++ Compiler XE for applications running on IA-32, Version 14.0.1.139 Build 20131008
Copyright (C) 1985-2013 Intel Corporation.  All rights reserved.
icl: command line warning #10006: ignoring unknown option '/v'

icl: command line error: no files specified; for help type "icl /help"
configure:2532: $? = 1
configure:2521: icl -V >&5
Intel(R) C++ Compiler XE for applications running on IA-32, Version 14.0.1.139 Build 20131008
Copyright (C) 1985-2013 Intel Corporation.  All rights reserved.
icl: command line warning #10155: ignoring option '/V'; argument required

icl: command line error: no files specified; for help type "icl /help"
configure:2532: $? = 1
configure:2521: icl -qversion >&5
Intel(R) C++ Compiler XE for applications running on IA-32, Version 14.0.1.139 Build 20131008
Copyright (C) 1985-2013 Intel Corporation.  All rights reserved.
icl: command line warning #10006: ignoring unknown option '/qversion'

icl: command line error: no files specified; for help type "icl /help"
configure:2532: $? = 1
configure:2552: checking whether the C compiler works
configure:2574: icl    conftest.c  >&5
Intel(R) C++ Compiler XE for applications running on IA-32, Version 14.0.1.139 Build 20131008
Copyright (C) 1985-2013 Intel Corporation.  All rights reserved.

conftest.c
Microsoft (R) Incremental Linker Version 12.00.21005.1
Copyright (C) Microsoft Corporation.  All rights reserved.

-out:conftest.exe 
conftest.obj 
configure:2578: $? = 0
configure:2626: result: yes
configure:2629: checking for C compiler default output file name
configure:2631: result: conftest.exe
configure:2637: checking for suffix of executables
configure:2644: icl -o conftest.exe    conftest.c  >&5
Intel(R) C++ Compiler XE for applications running on IA-32, Version 14.0.1.139 Build 20131008
Copyright (C) 1985-2013 Intel Corporation.  All rights reserved.

conftest.c
Microsoft (R) Incremental Linker Version 12.00.21005.1
Copyright (C) Microsoft Corporation.  All rights reserved.

-out:conftest.exe 
conftest.obj 
configure:2648: $? = 0
configure:2670: result: .exe
configure:2692: checking whether we are cross compiling
configure:2700: icl -o conftest.exe    conftest.c  >&5
Intel(R) C++ Compiler XE for applications running on IA-32, Version 14.0.1.139 Build 20131008
Copyright (C) 1985-2013 Intel Corporation.  All rights reserved.

conftest.c
Microsoft (R) Incremental Linker Version 12.00.21005.1
Copyright (C) Microsoft Corporation.  All rights reserved.

-out:conftest.exe 
conftest.obj 
configure:2704: $? = 0
configure:2711: ./conftest.exe
configure:2715: $? = 0
configure:2730: result: no
configure:2735: checking for suffix of object files
configure:2757: icl -c   conftest.c >&5
Intel(R) C++ Compiler XE for applications running on IA-32, Version 14.0.1.139 Build 20131008
Copyright (C) 1985-2013 Intel Corporation.  All rights reserved.

conftest.c
configure:2761: $? = 0
configure:2782: result: obj
configure:2786: checking whether we are using the GNU C compiler
configure:2805: icl -c   conftest.c >&5
conftest.c
conftest.c(14): error: identifier "choke" is undefined
         choke me
         ^

Intel(R) C++ Compiler XE for applications running on IA-32, Version 14.0.1.139 Build 20131008
Copyright (C) 1985-2013 Intel Corporation.  All rights reserved.

compilation aborted for conftest.c (code 2)
configure:2805: $? = 2
configure: failed program was:
| /* confdefs.h */
| #define PACKAGE_NAME ""
| #define PACKAGE_TARNAME ""
| #define PACKAGE_VERSION ""
| #define PACKAGE_STRING ""
| #define PACKAGE_BUGREPORT ""
| #define PACKAGE_URL ""
| /* end confdefs.h.  */
| 
| int
| main ()
| {
| #ifndef __GNUC__
|        choke me
| #endif
| 
|   ;
|   return 0;
| }
configure:2814: result: no
configure:2823: checking whether icl accepts -g
configure:2843: icl -c -g  conftest.c >&5
conftest.c
Intel(R) C++ Compiler XE for applications running on IA-32, Version 14.0.1.139 Build 20131008
Copyright (C) 1985-2013 Intel Corporation.  All rights reserved.
icl: command line warning #10006: ignoring unknown option '/g'

configure:2843: $? = 0
configure: failed program was:
| /* confdefs.h */
| #define PACKAGE_NAME ""
| #define PACKAGE_TARNAME ""
| #define PACKAGE_VERSION ""
| #define PACKAGE_STRING ""
| #define PACKAGE_BUGREPORT ""
| #define PACKAGE_URL ""
| /* end confdefs.h.  */
| 
| int
| main ()
| {
| 
|   ;
|   return 0;
| }
configure:2858: icl -c   conftest.c >&5
conftest.c
Intel(R) C++ Compiler XE for applications running on IA-32, Version 14.0.1.139 Build 20131008
Copyright (C) 1985-2013 Intel Corporation.  All rights reserved.

configure:2858: $? = 0
configure: failed program was:
| /* confdefs.h */
| #define PACKAGE_NAME ""
| #define PACKAGE_TARNAME ""
| #define PACKAGE_VERSION ""
| #define PACKAGE_STRING ""
| #define PACKAGE_BUGREPORT ""
| #define PACKAGE_URL ""
| /* end confdefs.h.  */
| 
| int
| main ()
| {
| 
|   ;
|   return 0;
| }
configure:2874: icl -c -g  conftest.c >&5
conftest.c
Intel(R) C++ Compiler XE for applications running on IA-32, Version 14.0.1.139 Build 20131008
Copyright (C) 1985-2013 Intel Corporation.  All rights reserved.
icl: command line warning #10006: ignoring unknown option '/g'

configure:2874: $? = 0
configure:2884: result: yes
configure:2901: checking for icl option to accept ISO C89
configure:2965: icl  -c -g  conftest.c >&5
conftest.c
Intel(R) C++ Compiler XE for applications running on IA-32, Version 14.0.1.139 Build 20131008
Copyright (C) 1985-2013 Intel Corporation.  All rights reserved.
icl: command line warning #10006: ignoring unknown option '/g'

configure:2965: $? = 0
configure:2978: result: none needed
configure:3003: checking how to run the C preprocessor
configure:3034: icl -E  conftest.c
Intel(R) C++ Compiler XE for applications running on IA-32, Version 14.0.1.139 Build 20131008
Copyright (C) 1985-2013 Intel Corporation.  All rights reserved.

conftest.c
configure:3034: $? = 0
configure:3048: icl -E  conftest.c
Intel(R) C++ Compiler XE for applications running on IA-32, Version 14.0.1.139 Build 20131008
Copyright (C) 1985-2013 Intel Corporation.  All rights reserved.

conftest.c
conftest.c(9): error #2379: cannot open source file "ac_nonexistent.h"
  #include <ac_nonexistent.h>
                             ^

configure:3048: $? = 2
configure: failed program was:
| /* confdefs.h */
| #define PACKAGE_NAME ""
| #define PACKAGE_TARNAME ""
| #define PACKAGE_VERSION ""
| #define PACKAGE_STRING ""
| #define PACKAGE_BUGREPORT ""
| #define PACKAGE_URL ""
| /* end confdefs.h.  */
| #include <ac_nonexistent.h>
configure:3073: result: icl -E
configure:3093: icl -E  conftest.c
Intel(R) C++ Compiler XE for applications running on IA-32, Version 14.0.1.139 Build 20131008
Copyright (C) 1985-2013 Intel Corporation.  All rights reserved.

conftest.c
configure:3093: $? = 0
configure:3107: icl -E  conftest.c
Intel(R) C++ Compiler XE for applications running on IA-32, Version 14.0.1.139 Build 20131008
Copyright (C) 1985-2013 Intel Corporation.  All rights reserved.

conftest.c
conftest.c(9): error #2379: cannot open source file "ac_nonexistent.h"
  #include <ac_nonexistent.h>
                             ^

configure:3107: $? = 2
configure: failed program was:
| /* confdefs.h */
| #define PACKAGE_NAME ""
| #define PACKAGE_TARNAME ""
| #define PACKAGE_VERSION ""
| #define PACKAGE_STRING ""
| #define PACKAGE_BUGREPORT ""
| #define PACKAGE_URL ""
| /* end confdefs.h.  */
| #include <ac_nonexistent.h>
configure:3149: checking for a BSD-compatible install
configure:3217: result: /usr/bin/install -c
configure:3234: checking build system type
configure:3248: result: i686-w64-mingw32
configure:3268: checking host system type
configure:3281: result: i686-w64-mingw32
configure:3304: checking whether to activate relocatable installation
configure:3319: result: no
configure:3356: checking for grep that handles long lines and -e
configure:3414: result: /usr/bin/grep
configure:3419: checking for egrep
configure:3481: result: /usr/bin/grep -E
configure:3486: checking for ANSI C header files
configure:3506: icl -c -g  conftest.c >&5
conftest.c
Intel(R) C++ Compiler XE for applications running on IA-32, Version 14.0.1.139 Build 20131008
Copyright (C) 1985-2013 Intel Corporation.  All rights reserved.
icl: command line warning #10006: ignoring unknown option '/g'

configure:3506: $? = 0
Intel(R) C++ Compiler XE for applications running on IA-32, Version 14.0.1.139 Build 20131008
Copyright (C) 1985-2013 Intel Corporation.  All rights reserved.

conftest.c
Intel(R) C++ Compiler XE for applications running on IA-32, Version 14.0.1.139 Build 20131008
Copyright (C) 1985-2013 Intel Corporation.  All rights reserved.

conftest.c
configure:3579: icl -o conftest.exe -g   conftest.c  >&5
Intel(R) C++ Compiler XE for applications running on IA-32, Version 14.0.1.139 Build 20131008
Copyright (C) 1985-2013 Intel Corporation.  All rights reserved.
icl: command line warning #10006: ignoring unknown option '/g'

conftest.c
Microsoft (R) Incremental Linker Version 12.00.21005.1
Copyright (C) Microsoft Corporation.  All rights reserved.

-out:conftest.exe 
conftest.obj 
configure:3579: $? = 0
configure:3579: ./conftest.exe
configure:3579: $? = 0
configure:3590: result: yes
configure:3603: checking for sys/types.h
configure:3603: icl -c -g  conftest.c >&5
conftest.c
Intel(R) C++ Compiler XE for applications running on IA-32, Version 14.0.1.139 Build 20131008
Copyright (C) 1985-2013 Intel Corporation.  All rights reserved.
icl: command line warning #10006: ignoring unknown option '/g'

configure:3603: $? = 0
configure:3603: result: yes
configure:3603: checking for sys/stat.h
configure:3603: icl -c -g  conftest.c >&5
conftest.c
Intel(R) C++ Compiler XE for applications running on IA-32, Version 14.0.1.139 Build 20131008
Copyright (C) 1985-2013 Intel Corporation.  All rights reserved.
icl: command line warning #10006: ignoring unknown option '/g'

configure:3603: $? = 0
configure:3603: result: yes
configure:3603: checking for stdlib.h
configure:3603: icl -c -g  conftest.c >&5
conftest.c
Intel(R) C++ Compiler XE for applications running on IA-32, Version 14.0.1.139 Build 20131008
Copyright (C) 1985-2013 Intel Corporation.  All rights reserved.
icl: command line warning #10006: ignoring unknown option '/g'

configure:3603: $? = 0
configure:3603: result: yes
configure:3603: checking for string.h
configure:3603: icl -c -g  conftest.c >&5
conftest.c
Intel(R) C++ Compiler XE for applications running on IA-32, Version 14.0.1.139 Build 20131008
Copyright (C) 1985-2013 Intel Corporation.  All rights reserved.
icl: command line warning #10006: ignoring unknown option '/g'

configure:3603: $? = 0
configure:3603: result: yes
configure:3603: checking for memory.h
configure:3603: icl -c -g  conftest.c >&5
conftest.c
Intel(R) C++ Compiler XE for applications running on IA-32, Version 14.0.1.139 Build 20131008
Copyright (C) 1985-2013 Intel Corporation.  All rights reserved.
icl: command line warning #10006: ignoring unknown option '/g'

configure:3603: $? = 0
configure:3603: result: yes
configure:3603: checking for strings.h
configure:3603: icl -c -g  conftest.c >&5
conftest.c
conftest.c(50): catastrophic error: cannot open source file "strings.h"
  #include <strings.h>
                      ^

Intel(R) C++ Compiler XE for applications running on IA-32, Version 14.0.1.139 Build 20131008
Copyright (C) 1985-2013 Intel Corporation.  All rights reserved.
icl: command line warning #10006: ignoring unknown option '/g'

compilation aborted for conftest.c (code 4)
configure:3603: $? = 4
configure: failed program was:
| /* confdefs.h */
| #define PACKAGE_NAME ""
| #define PACKAGE_TARNAME ""
| #define PACKAGE_VERSION ""
| #define PACKAGE_STRING ""
| #define PACKAGE_BUGREPORT ""
| #define PACKAGE_URL ""
| #define INSTALLPREFIX "/usr/local"
| #define STDC_HEADERS 1
| #define HAVE_SYS_TYPES_H 1
| #define HAVE_SYS_STAT_H 1
| #define HAVE_STDLIB_H 1
| #define HAVE_STRING_H 1
| #define HAVE_MEMORY_H 1
| /* end confdefs.h.  */
| #include <stdio.h>
| #ifdef HAVE_SYS_TYPES_H
| # include <sys/types.h>
| #endif
| #ifdef HAVE_SYS_STAT_H
| # include <sys/stat.h>
| #endif
| #ifdef STDC_HEADERS
| # include <stdlib.h>
| # include <stddef.h>
| #else
| # ifdef HAVE_STDLIB_H
| #  include <stdlib.h>
| # endif
| #endif
| #ifdef HAVE_STRING_H
| # if !defined STDC_HEADERS && defined HAVE_MEMORY_H
| #  include <memory.h>
| # endif
| # include <string.h>
| #endif
| #ifdef HAVE_STRINGS_H
| # include <strings.h>
| #endif
| #ifdef HAVE_INTTYPES_H
| # include <inttypes.h>
| #endif
| #ifdef HAVE_STDINT_H
| # include <stdint.h>
| #endif
| #ifdef HAVE_UNISTD_H
| # include <unistd.h>
| #endif
| 
| #include <strings.h>
configure:3603: result: no
configure:3603: checking for inttypes.h
configure:3603: icl -c -g  conftest.c >&5
conftest.c
Intel(R) C++ Compiler XE for applications running on IA-32, Version 14.0.1.139 Build 20131008
Copyright (C) 1985-2013 Intel Corporation.  All rights reserved.
icl: command line warning #10006: ignoring unknown option '/g'

configure:3603: $? = 0
configure:3603: result: yes
configure:3603: checking for stdint.h
configure:3603: icl -c -g  conftest.c >&5
conftest.c
Intel(R) C++ Compiler XE for applications running on IA-32, Version 14.0.1.139 Build 20131008
Copyright (C) 1985-2013 Intel Corporation.  All rights reserved.
icl: command line warning #10006: ignoring unknown option '/g'

configure:3603: $? = 0
configure:3603: result: yes
configure:3603: checking for unistd.h
configure:3603: icl -c -g  conftest.c >&5
conftest.c
conftest.c(52): catastrophic error: cannot open source file "unistd.h"
  #include <unistd.h>
                     ^

Intel(R) C++ Compiler XE for applications running on IA-32, Version 14.0.1.139 Build 20131008
Copyright (C) 1985-2013 Intel Corporation.  All rights reserved.
icl: command line warning #10006: ignoring unknown option '/g'

compilation aborted for conftest.c (code 4)
configure:3603: $? = 4
configure: failed program was:
| /* confdefs.h */
| #define PACKAGE_NAME ""
| #define PACKAGE_TARNAME ""
| #define PACKAGE_VERSION ""
| #define PACKAGE_STRING ""
| #define PACKAGE_BUGREPORT ""
| #define PACKAGE_URL ""
| #define INSTALLPREFIX "/usr/local"
| #define STDC_HEADERS 1
| #define HAVE_SYS_TYPES_H 1
| #define HAVE_SYS_STAT_H 1
| #define HAVE_STDLIB_H 1
| #define HAVE_STRING_H 1
| #define HAVE_MEMORY_H 1
| #define HAVE_INTTYPES_H 1
| #define HAVE_STDINT_H 1
| /* end confdefs.h.  */
| #include <stdio.h>
| #ifdef HAVE_SYS_TYPES_H
| # include <sys/types.h>
| #endif
| #ifdef HAVE_SYS_STAT_H
| # include <sys/stat.h>
| #endif
| #ifdef STDC_HEADERS
| # include <stdlib.h>
| # include <stddef.h>
| #else
| # ifdef HAVE_STDLIB_H
| #  include <stdlib.h>
| # endif
| #endif
| #ifdef HAVE_STRING_H
| # if !defined STDC_HEADERS && defined HAVE_MEMORY_H
| #  include <memory.h>
| # endif
| # include <string.h>
| #endif
| #ifdef HAVE_STRINGS_H
| # include <strings.h>
| #endif
| #ifdef HAVE_INTTYPES_H
| # include <inttypes.h>
| #endif
| #ifdef HAVE_STDINT_H
| # include <stdint.h>
| #endif
| #ifdef HAVE_UNISTD_H
| # include <unistd.h>
| #endif
| 
| #include <unistd.h>
configure:3603: result: no
configure:3616: checking minix/config.h usability
configure:3616: icl -c -g  conftest.c >&5
conftest.c
conftest.c(51): catastrophic error: cannot open source file "minix/config.h"
  #include <minix/config.h>
                           ^

Intel(R) C++ Compiler XE for applications running on IA-32, Version 14.0.1.139 Build 20131008
Copyright (C) 1985-2013 Intel Corporation.  All rights reserved.
icl: command line warning #10006: ignoring unknown option '/g'

compilation aborted for conftest.c (code 4)
configure:3616: $? = 4
configure: failed program was:
| /* confdefs.h */
| #define PACKAGE_NAME ""
| #define PACKAGE_TARNAME ""
| #define PACKAGE_VERSION ""
| #define PACKAGE_STRING ""
| #define PACKAGE_BUGREPORT ""
| #define PACKAGE_URL ""
| #define INSTALLPREFIX "/usr/local"
| #define STDC_HEADERS 1
| #define HAVE_SYS_TYPES_H 1
| #define HAVE_SYS_STAT_H 1
| #define HAVE_STDLIB_H 1
| #define HAVE_STRING_H 1
| #define HAVE_MEMORY_H 1
| #define HAVE_INTTYPES_H 1
| #define HAVE_STDINT_H 1
| /* end confdefs.h.  */
| #include <stdio.h>
| #ifdef HAVE_SYS_TYPES_H
| # include <sys/types.h>
| #endif
| #ifdef HAVE_SYS_STAT_H
| # include <sys/stat.h>
| #endif
| #ifdef STDC_HEADERS
| # include <stdlib.h>
| # include <stddef.h>
| #else
| # ifdef HAVE_STDLIB_H
| #  include <stdlib.h>
| # endif
| #endif
| #ifdef HAVE_STRING_H
| # if !defined STDC_HEADERS && defined HAVE_MEMORY_H
| #  include <memory.h>
| # endif
| # include <string.h>
| #endif
| #ifdef HAVE_STRINGS_H
| # include <strings.h>
| #endif
| #ifdef HAVE_INTTYPES_H
| # include <inttypes.h>
| #endif
| #ifdef HAVE_STDINT_H
| # include <stdint.h>
| #endif
| #ifdef HAVE_UNISTD_H
| # include <unistd.h>
| #endif
| #include <minix/config.h>
configure:3616: result: no
configure:3616: checking minix/config.h presence
configure:3616: icl -E  conftest.c
Intel(R) C++ Compiler XE for applications running on IA-32, Version 14.0.1.139 Build 20131008
Copyright (C) 1985-2013 Intel Corporation.  All rights reserved.

conftest.c
conftest.c(18): error #2379: cannot open source file "minix/config.h"
  #include <minix/config.h>
                           ^

configure:3616: $? = 2
configure: failed program was:
| /* confdefs.h */
| #define PACKAGE_NAME ""
| #define PACKAGE_TARNAME ""
| #define PACKAGE_VERSION ""
| #define PACKAGE_STRING ""
| #define PACKAGE_BUGREPORT ""
| #define PACKAGE_URL ""
| #define INSTALLPREFIX "/usr/local"
| #define STDC_HEADERS 1
| #define HAVE_SYS_TYPES_H 1
| #define HAVE_SYS_STAT_H 1
| #define HAVE_STDLIB_H 1
| #define HAVE_STRING_H 1
| #define HAVE_MEMORY_H 1
| #define HAVE_INTTYPES_H 1
| #define HAVE_STDINT_H 1
| /* end confdefs.h.  */
| #include <minix/config.h>
configure:3616: result: no
configure:3616: checking for minix/config.h
configure:3616: result: no
configure:3637: checking whether it is safe to define __EXTENSIONS__
configure:3655: icl -c -g  conftest.c >&5
conftest.c
Intel(R) C++ Compiler XE for applications running on IA-32, Version 14.0.1.139 Build 20131008
Copyright (C) 1985-2013 Intel Corporation.  All rights reserved.
icl: command line warning #10006: ignoring unknown option '/g'

configure:3655: $? = 0
configure:3662: result: yes
configure:3728: checking how to print strings
configure:3755: result: printf
configure:3776: checking for a sed that does not truncate output
configure:3840: result: /usr/bin/sed
configure:3858: checking for fgrep
configure:3920: result: /usr/bin/grep -F
configure:3988: checking for non-GNU ld
configure:4022: result: /c/SDKs/Perl/c/bin/ld
configure:4029: checking if the linker (/c/SDKs/Perl/c/bin/ld) is GNU ld
configure:4044: result: yes
configure:4056: checking for BSD- or MS-compatible name lister (nm)
configure:4105: result: /c/SDKs/Perl/c/bin/nm
configure:4235: checking the name lister (/c/SDKs/Perl/c/bin/nm) interface
configure:4242: icl -c -g  conftest.c >&5
conftest.c
Intel(R) C++ Compiler XE for applications running on IA-32, Version 14.0.1.139 Build 20131008
Copyright (C) 1985-2013 Intel Corporation.  All rights reserved.
icl: command line warning #10006: ignoring unknown option '/g'

configure:4245: /c/SDKs/Perl/c/bin/nm "conftest.obj"
configure:4248: output
00000000 b .bss
00000000 i .drectve
00000001 a @feat.00
00000000 B _some_variable
configure:4255: result: BSD nm
configure:4258: checking whether ln -s works
configure:4265: result: no, using cp -p
configure:4270: checking the maximum length of command line arguments
configure:4395: result: 8192
configure:4412: checking whether the shell understands some XSI constructs
configure:4422: result: yes
configure:4426: checking whether the shell understands "+="
configure:4432: result: yes
configure:4467: checking how to convert i686-w64-mingw32 file names to i686-w64-mingw32 format
configure:4507: result: func_convert_file_msys_to_w32
configure:4514: checking how to convert i686-w64-mingw32 file names to toolchain format
configure:4534: result: func_convert_file_msys_to_w32
configure:4541: checking for /c/SDKs/Perl/c/bin/ld option to reload object files
configure:4548: result: -r
configure:4582: checking for i686-w64-mingw32-objdump
configure:4612: result: no
configure:4622: checking for objdump
configure:4638: found /c/SDKs/Perl/c/bin/objdump
configure:4649: result: objdump
configure:4678: checking how to recognize dependent libraries
configure:4880: result: file_magic ^x86 archive import|^x86 DLL
configure:4925: checking for i686-w64-mingw32-dlltool
configure:4955: result: no
configure:4965: checking for dlltool
configure:4981: found /c/SDKs/Perl/c/bin/dlltool
configure:4992: result: dlltool
configure:5022: checking how to associate runtime and link libraries
configure:5049: result: func_cygming_dll_for_implib
configure:5065: checking for i686-w64-mingw32-ar
configure:5095: result: no
configure:5109: checking for ar
configure:5125: found /c/SDKs/Perl/c/bin/ar
configure:5136: result: ar
configure:5173: checking for archiver @FILE support
configure:5190: icl -c -g  conftest.c >&5
conftest.c
Intel(R) C++ Compiler XE for applications running on IA-32, Version 14.0.1.139 Build 20131008
Copyright (C) 1985-2013 Intel Corporation.  All rights reserved.
icl: command line warning #10006: ignoring unknown option '/g'

configure:5190: $? = 0
configure:5193: ar cru libconftest.a @conftest.lst >&5
configure:5196: $? = 0
configure:5201: ar cru libconftest.a @conftest.lst >&5
C:\SDKs\Perl\c\bin\ar.exe: conftest.obj: No such file or directory
configure:5204: $? = 1
configure:5216: result: @
configure:5234: checking for i686-w64-mingw32-strip
configure:5264: result: no
configure:5274: checking for strip
configure:5290: found /c/SDKs/Perl/c/bin/strip
configure:5301: result: strip
configure:5333: checking for i686-w64-mingw32-ranlib
configure:5363: result: no
configure:5373: checking for ranlib
configure:5389: found /c/SDKs/Perl/c/bin/ranlib
configure:5400: result: ranlib
configure:5477: checking for gawk
configure:5493: found /usr/bin/gawk
configure:5504: result: gawk
configure:5544: checking command to parse /c/SDKs/Perl/c/bin/nm output from icl object
configure:5663: icl -c -g  conftest.c >&5
Intel(R) C++ Compiler XE for applications running on IA-32, Version 14.0.1.139 Build 20131008
Copyright (C) 1985-2013 Intel Corporation.  All rights reserved.
icl: command line warning #10006: ignoring unknown option '/g'

conftest.c
configure:5666: $? = 0
configure:5670: /c/SDKs/Perl/c/bin/nm conftest.obj \| sed -n -e 's/^.*[ ]\([ABCDGIRSTW][ABCDGIRSTW]*\)[ ][ ]*\([_A-Za-z][_A-Za-z0-9]*\)\{0,1\}$/\1 \2 \2/p' | sed '/ __gnu_lto/d' \> conftest.nm
configure:5673: $? = 0
cannot find nm_test_var in conftest.nm
configure:5663: icl -c -g  conftest.c >&5
Intel(R) C++ Compiler XE for applications running on IA-32, Version 14.0.1.139 Build 20131008
Copyright (C) 1985-2013 Intel Corporation.  All rights reserved.
icl: command line warning #10006: ignoring unknown option '/g'

conftest.c
configure:5666: $? = 0
configure:5670: /c/SDKs/Perl/c/bin/nm conftest.obj \| sed -n -e 's/^.*[ ]\([ABCDGIRSTW][ABCDGIRSTW]*\)[ ][ ]*_\([_A-Za-z][_A-Za-z0-9]*\)\{0,1\}$/\1 _\2 \2/p' | sed '/ __gnu_lto/d' \> conftest.nm
configure:5673: $? = 0
configure:5739: icl -o conftest.exe -g   conftest.c conftstm.obj >&5
Intel(R) C++ Compiler XE for applications running on IA-32, Version 14.0.1.139 Build 20131008
Copyright (C) 1985-2013 Intel Corporation.  All rights reserved.
icl: command line warning #10006: ignoring unknown option '/g'

conftest.c
Microsoft (R) Incremental Linker Version 12.00.21005.1
Copyright (C) Microsoft Corporation.  All rights reserved.

-out:conftest.exe 
conftest.obj 
conftstm.obj 
configure:5742: $? = 0
configure:5780: result: ok
configure:5817: checking for sysroot
configure:5847: result: no
configure:6050: checking for i686-w64-mingw32-mt
configure:6080: result: no
configure:6090: checking for mt
configure:6106: found /c/Program Files (x86)/Windows Kits/8.1/bin/x86/mt
configure:6117: result: mt
configure:6140: checking if mt is a manifest tool
configure:6146: mt '-?'
configure:6154: result: yes
configure:6783: checking for dlfcn.h
configure:6783: icl -c -g  conftest.c >&5
conftest.c
conftest.c(57): catastrophic error: cannot open source file "dlfcn.h"
  #include <dlfcn.h>
                    ^

Intel(R) C++ Compiler XE for applications running on IA-32, Version 14.0.1.139 Build 20131008
Copyright (C) 1985-2013 Intel Corporation.  All rights reserved.
icl: command line warning #10006: ignoring unknown option '/g'

compilation aborted for conftest.c (code 4)
configure:6783: $? = 4
configure: failed program was:
| /* confdefs.h */
| #define PACKAGE_NAME ""
| #define PACKAGE_TARNAME ""
| #define PACKAGE_VERSION ""
| #define PACKAGE_STRING ""
| #define PACKAGE_BUGREPORT ""
| #define PACKAGE_URL ""
| #define INSTALLPREFIX "/usr/local"
| #define STDC_HEADERS 1
| #define HAVE_SYS_TYPES_H 1
| #define HAVE_SYS_STAT_H 1
| #define HAVE_STDLIB_H 1
| #define HAVE_STRING_H 1
| #define HAVE_MEMORY_H 1
| #define HAVE_INTTYPES_H 1
| #define HAVE_STDINT_H 1
| #define __EXTENSIONS__ 1
| #define _ALL_SOURCE 1
| #define _GNU_SOURCE 1
| #define _POSIX_PTHREAD_SEMANTICS 1
| #define _TANDEM_SOURCE 1
| /* end confdefs.h.  */
| #include <stdio.h>
| #ifdef HAVE_SYS_TYPES_H
| # include <sys/types.h>
| #endif
| #ifdef HAVE_SYS_STAT_H
| # include <sys/stat.h>
| #endif
| #ifdef STDC_HEADERS
| # include <stdlib.h>
| # include <stddef.h>
| #else
| # ifdef HAVE_STDLIB_H
| #  include <stdlib.h>
| # endif
| #endif
| #ifdef HAVE_STRING_H
| # if !defined STDC_HEADERS && defined HAVE_MEMORY_H
| #  include <memory.h>
| # endif
| # include <string.h>
| #endif
| #ifdef HAVE_STRINGS_H
| # include <strings.h>
| #endif
| #ifdef HAVE_INTTYPES_H
| # include <inttypes.h>
| #endif
| #ifdef HAVE_STDINT_H
| # include <stdint.h>
| #endif
| #ifdef HAVE_UNISTD_H
| # include <unistd.h>
| #endif
| 
| #include <dlfcn.h>
configure:6783: result: no
configure:6806: checking for i686-w64-mingw32-as
configure:6836: result: no
configure:6846: checking for as
configure:6862: found /c/SDKs/Perl/c/bin/as
configure:6873: result: as
configure:6898: checking for i686-w64-mingw32-dlltool
configure:6925: result: dlltool
configure:6990: checking for i686-w64-mingw32-objdump
configure:7017: result: objdump
configure:7268: checking for objdir
configure:7283: result: .libs
conftest.c
conftest.c
Microsoft (R) Incremental Linker Version 12.00.21005.1
Copyright (C) Microsoft Corporation.  All rights reserved.

-out:conftest.exe 
conftest.obj 
configure:7899: checking for icl option to produce PIC
configure:7906: result: -DDLL_EXPORT -DPIC
configure:7914: checking if icl PIC flag -DDLL_EXPORT -DPIC works
configure:7932: icl -c -g  -DDLL_EXPORT -DPIC -DPIC conftest.c >&5
conftest.c
Intel(R) C++ Compiler XE for applications running on IA-32, Version 14.0.1.139 Build 20131008
Copyright (C) 1985-2013 Intel Corporation.  All rights reserved.
icl: command line warning #10006: ignoring unknown option '/g'

configure:7936: $? = 0
configure:7949: result: yes
configure:7978: checking if icl static flag  works
conftest.c
Microsoft (R) Incremental Linker Version 12.00.21005.1
Copyright (C) Microsoft Corporation.  All rights reserved.

-out:conftest.exe 
conftest.obj 
Intel(R) C++ Compiler XE for applications running on IA-32, Version 14.0.1.139 Build 20131008
Copyright (C) 1985-2013 Intel Corporation.  All rights reserved.
icl: command line warning #10006: ignoring unknown option '/g'

configure:8006: result: yes
configure:8021: checking if icl supports -c -o file.obj
configure:8042: icl -c -g  -o out/conftest2.obj conftest.c >&5
conftest.c
Intel(R) C++ Compiler XE for applications running on IA-32, Version 14.0.1.139 Build 20131008
Copyright (C) 1985-2013 Intel Corporation.  All rights reserved.
icl: command line warning #10006: ignoring unknown option '/g'

configure:8046: $? = 0
configure:8068: result: no
configure:8076: checking if icl supports -c -o file.obj
configure:8123: result: no
configure:8132: checking if we can lock with hard links
configure:8140: result: yes
configure:8156: checking whether the icl linker (/c/SDKs/Perl/c/bin/ld) supports shared libraries
configure:9314: result: yes
configure:9559: checking dynamic linker characteristics
configure:10295: result: Win32 ld.exe
configure:10402: checking how to hardcode library paths into programs
configure:10427: result: immediate
configure:10967: checking whether stripping libraries is possible
configure:10972: result: yes
configure:11007: checking if libtool supports shared libraries
configure:11009: result: yes
configure:11012: checking whether to build shared libraries
configure:11033: result: yes
configure:11036: checking whether to build static libraries
configure:11040: result: yes
configure:11129: checking for nl_langinfo and CODESET
configure:11145: icl -o conftest.exe -g   conftest.c  >&5
conftest.c
conftest.c(25): catastrophic error: cannot open source file "langinfo.h"
  #include <langinfo.h>
                       ^

Intel(R) C++ Compiler XE for applications running on IA-32, Version 14.0.1.139 Build 20131008
Copyright (C) 1985-2013 Intel Corporation.  All rights reserved.
icl: command line warning #10006: ignoring unknown option '/g'

compilation aborted for conftest.c (code 4)
configure:11145: $? = 4
configure: failed program was:
| /* confdefs.h */
| #define PACKAGE_NAME ""
| #define PACKAGE_TARNAME ""
| #define PACKAGE_VERSION ""
| #define PACKAGE_STRING ""
| #define PACKAGE_BUGREPORT ""
| #define PACKAGE_URL ""
| #define INSTALLPREFIX "/usr/local"
| #define STDC_HEADERS 1
| #define HAVE_SYS_TYPES_H 1
| #define HAVE_SYS_STAT_H 1
| #define HAVE_STDLIB_H 1
| #define HAVE_STRING_H 1
| #define HAVE_MEMORY_H 1
| #define HAVE_INTTYPES_H 1
| #define HAVE_STDINT_H 1
| #define __EXTENSIONS__ 1
| #define _ALL_SOURCE 1
| #define _GNU_SOURCE 1
| #define _POSIX_PTHREAD_SEMANTICS 1
| #define _TANDEM_SOURCE 1
| #define LT_OBJDIR ".libs/"
| #define HAVE_VISIBILITY 0
| /* end confdefs.h.  */
| #include <langinfo.h>
| int
| main ()
| {
| char* cs = nl_langinfo(CODESET);
|   ;
|   return 0;
| }
configure:11154: result: no
configure:11164: checking for working fcntl.h
configure:11221: icl -o conftest.exe -g   conftest.c  >&5
Intel(R) C++ Compiler XE for applications running on IA-32, Version 14.0.1.139 Build 20131008
Copyright (C) 1985-2013 Intel Corporation.  All rights reserved.
icl: command line warning #10006: ignoring unknown option '/g'

conftest.c
conftest.c(27): catastrophic error: cannot open source file "unistd.h"
             #include <unistd.h>
                                ^

compilation aborted for conftest.c (code 4)
configure:11221: $? = 4
configure: program exited with status 4
configure: failed program was:
| /* confdefs.h */
| #define PACKAGE_NAME ""
| #define PACKAGE_TARNAME ""
| #define PACKAGE_VERSION ""
| #define PACKAGE_STRING ""
| #define PACKAGE_BUGREPORT ""
| #define PACKAGE_URL ""
| #define INSTALLPREFIX "/usr/local"
| #define STDC_HEADERS 1
| #define HAVE_SYS_TYPES_H 1
| #define HAVE_SYS_STAT_H 1
| #define HAVE_STDLIB_H 1
| #define HAVE_STRING_H 1
| #define HAVE_MEMORY_H 1
| #define HAVE_INTTYPES_H 1
| #define HAVE_STDINT_H 1
| #define __EXTENSIONS__ 1
| #define _ALL_SOURCE 1
| #define _GNU_SOURCE 1
| #define _POSIX_PTHREAD_SEMANTICS 1
| #define _TANDEM_SOURCE 1
| #define LT_OBJDIR ".libs/"
| #define HAVE_VISIBILITY 0
| /* end confdefs.h.  */
| #include <sys/types.h>
|            #include <sys/stat.h>
|            #include <unistd.h>
|            #include <fcntl.h>
|            #ifndef O_NOATIME
|             #define O_NOATIME 0
|            #endif
|            #ifndef O_NOFOLLOW
|             #define O_NOFOLLOW 0
|            #endif
|            static int const constants[] =
|             {
|               O_CREAT, O_EXCL, O_NOCTTY, O_TRUNC, O_APPEND,
|               O_NONBLOCK, O_SYNC, O_ACCMODE, O_RDONLY, O_RDWR, O_WRONLY
|             };
| 
| int
| main ()
| {
| 
|             int status = !constants;
|             {
|               static char const sym[] = "conftest.sym";
|               if (symlink (".", sym) != 0
|                   || close (open (sym, O_RDONLY | O_NOFOLLOW)) == 0)
|                 status |= 32;
|               unlink (sym);
|             }
|             {
|               static char const file[] = "confdefs.h";
|               int fd = open (file, O_RDONLY | O_NOATIME);
|               char c;
|               struct stat st0, st1;
|               if (fd < 0
|                   || fstat (fd, &st0) != 0
|                   || sleep (1) != 0
|                   || read (fd, &c, 1) != 1
|                   || close (fd) != 0
|                   || stat (file, &st1) != 0
|                   || st0.st_atime != st1.st_atime)
|                 status |= 64;
|             }
|             return status;
|   ;
|   return 0;
| }
configure:11236: result: no
configure:11260: checking whether we are using the GNU C Library 2.1 or newer
Intel(R) C++ Compiler XE for applications running on IA-32, Version 14.0.1.139 Build 20131008
Copyright (C) 1985-2013 Intel Corporation.  All rights reserved.

conftest.c
conftest.c(28): error #2379: cannot open source file "features.h"
  #include <features.h>
                       ^

configure:11287: result: no
configure:11295: checking for setlocale
configure:11295: icl -o conftest.exe -g   conftest.c  >&5
conftest.c
Microsoft (R) Incremental Linker Version 12.00.21005.1
Copyright (C) Microsoft Corporation.  All rights reserved.

-out:conftest.exe 
conftest.obj 
Intel(R) C++ Compiler XE for applications running on IA-32, Version 14.0.1.139 Build 20131008
Copyright (C) 1985-2013 Intel Corporation.  All rights reserved.
icl: command line warning #10006: ignoring unknown option '/g'

configure:11295: $? = 0
configure:11295: result: yes
configure:11427: creating ./config.status

## ---------------------- ##
## Running config.status. ##
## ---------------------- ##

This file was extended by config.status, which was
generated by GNU Autoconf 2.68.  Invocation command line was

  CONFIG_FILES    = 
  CONFIG_HEADERS  = 
  CONFIG_LINKS    = 
  CONFIG_COMMANDS = 
  $ ./config.status 

on Matt

config.status:1069: creating Makefile
config.status:1069: creating lib/Makefile
config.status:1069: creating include/localcharset.h
config.status:1069: creating include/localcharset.h.inst
config.status:1069: creating config.h
config.status:1258: executing libtool commands

## ---------------- ##
## Cache variables. ##
## ---------------- ##

ac_cv_build=i686-w64-mingw32
ac_cv_c_compiler_gnu=no
ac_cv_env_CC_set=set
ac_cv_env_CC_value=icl
ac_cv_env_CFLAGS_set=
ac_cv_env_CFLAGS_value=
ac_cv_env_CPPFLAGS_set=
ac_cv_env_CPPFLAGS_value=
ac_cv_env_CPP_set=
ac_cv_env_CPP_value=
ac_cv_env_LDFLAGS_set=
ac_cv_env_LDFLAGS_value=
ac_cv_env_LIBS_set=
ac_cv_env_LIBS_value=
ac_cv_env_build_alias_set=set
ac_cv_env_build_alias_value=i686-w64-mingw32
ac_cv_env_host_alias_set=set
ac_cv_env_host_alias_value=i686-w64-mingw32
ac_cv_env_target_alias_set=
ac_cv_env_target_alias_value=
ac_cv_exeext=.exe
ac_cv_func_setlocale=yes
ac_cv_gnu_library_2_1=no
ac_cv_header_dlfcn_h=no
ac_cv_header_inttypes_h=yes
ac_cv_header_memory_h=yes
ac_cv_header_minix_config_h=no
ac_cv_header_stdc=yes
ac_cv_header_stdint_h=yes
ac_cv_header_stdlib_h=yes
ac_cv_header_string_h=yes
ac_cv_header_strings_h=no
ac_cv_header_sys_stat_h=yes
ac_cv_header_sys_types_h=yes
ac_cv_header_unistd_h=no
ac_cv_host=i686-w64-mingw32
ac_cv_objext=obj
ac_cv_path_EGREP='/usr/bin/grep -E'
ac_cv_path_FGREP='/usr/bin/grep -F'
ac_cv_path_GREP=/usr/bin/grep
ac_cv_path_SED=/usr/bin/sed
ac_cv_path_install='/usr/bin/install -c'
ac_cv_prog_AWK=gawk
ac_cv_prog_CC=icl
ac_cv_prog_CPP='icl -E'
ac_cv_prog_DLLTOOL=dlltool
ac_cv_prog_OBJDUMP=objdump
ac_cv_prog_ac_ct_AR=ar
ac_cv_prog_ac_ct_AS=as
ac_cv_prog_ac_ct_DLLTOOL=dlltool
ac_cv_prog_ac_ct_MANIFEST_TOOL=mt
ac_cv_prog_ac_ct_OBJDUMP=objdump
ac_cv_prog_ac_ct_RANLIB=ranlib
ac_cv_prog_ac_ct_STRIP=strip
ac_cv_prog_cc_c89=
ac_cv_prog_cc_g=yes
ac_cv_prog_make_make_set=yes
ac_cv_safe_to_define___extensions__=yes
am_cv_langinfo_codeset=no
gl_cv_header_working_fcntl_h=no
lt_cv_ar_at_file=@
lt_cv_deplibs_check_method='file_magic ^x86 archive import|^x86 DLL'
lt_cv_file_magic_cmd=func_win32_libid
lt_cv_file_magic_test_file=
lt_cv_ld_reload_flag=-r
lt_cv_nm_interface='BSD nm'
lt_cv_objdir=.libs
lt_cv_path_LD=/c/SDKs/Perl/c/bin/ld
lt_cv_path_NM=/c/SDKs/Perl/c/bin/nm
lt_cv_path_mainfest_tool=yes
lt_cv_prog_compiler_c_o=no
lt_cv_prog_compiler_pic='-DDLL_EXPORT -DPIC'
lt_cv_prog_compiler_pic_works=yes
lt_cv_prog_compiler_static_works=yes
lt_cv_prog_gnu_ld=yes
lt_cv_sharedlib_from_linklib_cmd=func_cygming_dll_for_implib
lt_cv_sys_global_symbol_pipe='sed -n -e '\''s/^.*[	 ]\([ABCDGIRSTW][ABCDGIRSTW]*\)[	 ][	 ]*_\([_A-Za-z][_A-Za-z0-9]*\)\{0,1\}$/\1 _\2 \2/p'\'' | sed '\''/ __gnu_lto/d'\'''
lt_cv_sys_global_symbol_to_c_name_address='sed -n -e '\''s/^: \([^ ]*\)[ ]*$/  {\"\1\", (void *) 0},/p'\'' -e '\''s/^[ABCDGIRSTW]* \([^ ]*\) \([^ ]*\)$/  {"\2", (void *) \&\2},/p'\'''
lt_cv_sys_global_symbol_to_c_name_address_lib_prefix='sed -n -e '\''s/^: \([^ ]*\)[ ]*$/  {\"\1\", (void *) 0},/p'\'' -e '\''s/^[ABCDGIRSTW]* \([^ ]*\) \(lib[^ ]*\)$/  {"\2", (void *) \&\2},/p'\'' -e '\''s/^[ABCDGIRSTW]* \([^ ]*\) \([^ ]*\)$/  {"lib\2", (void *) \&\2},/p'\'''
lt_cv_sys_global_symbol_to_cdecl='sed -n -e '\''s/^T .* \(.*\)$/extern int \1();/p'\'' -e '\''s/^[ABCDGIRSTW]* .* \(.*\)$/extern char \1;/p'\'''
lt_cv_sys_max_cmd_len=8192
lt_cv_to_host_file_cmd=func_convert_file_msys_to_w32
lt_cv_to_tool_file_cmd=func_convert_file_msys_to_w32

## ----------------- ##
## Output variables. ##
## ----------------- ##

AR='ar'
AS='as'
AWK='gawk'
CC='icl'
CFLAGS='-g'
CFLAG_VISIBILITY=''
CPP='icl -E'
CPPFLAGS=''
DEFS='-DHAVE_CONFIG_H'
DLLTOOL='dlltool'
DSYMUTIL=''
DUMPBIN=''
ECHO_C=''
ECHO_N='-n'
ECHO_T=''
EGREP='/usr/bin/grep -E'
EXEEXT='.exe'
FGREP='/usr/bin/grep -F'
GLIBC21='no'
GREP='/usr/bin/grep'
HAVE_VISIBILITY='0'
INSTALL_DATA='${INSTALL} -m 644'
INSTALL_PROGRAM='${INSTALL}'
INSTALL_SCRIPT='${INSTALL}'
LD='/c/SDKs/Perl/c/bin/ld'
LDFLAGS=''
LIBOBJS=''
LIBS=''
LIBTOOL='/bin/sh $(top_builddir)/libtool'
LIPO=''
LN_S='cp -p'
LTLIBOBJS=''
MANIFEST_TOOL='mt'
NM='/c/SDKs/Perl/c/bin/nm'
NMEDIT=''
OBJDUMP='objdump'
OBJEXT='obj'
OTOOL64=''
OTOOL=''
PACKAGE=''
PACKAGE_BUGREPORT=''
PACKAGE_NAME=''
PACKAGE_STRING=''
PACKAGE_TARNAME=''
PACKAGE_URL=''
PACKAGE_VERSION=''
PATH_SEPARATOR=':'
RANLIB='ranlib'
RELOCATABLE='no'
SED='/usr/bin/sed'
SET_MAKE=''
SHELL='/bin/sh'
STRIP='strip'
VERSION=''
ac_ct_AR='ar'
ac_ct_CC=''
ac_ct_DUMPBIN=''
bindir='${exec_prefix}/bin'
build='i686-w64-mingw32'
build_alias='i686-w64-mingw32'
build_cpu='i686'
build_os='mingw32'
build_vendor='w64'
datadir='${datarootdir}'
datarootdir='${prefix}/share'
docdir='${datarootdir}/doc/${PACKAGE}'
dvidir='${docdir}'
exec_prefix='${prefix}'
host='i686-w64-mingw32'
host_alias='i686-w64-mingw32'
host_cpu='i686'
host_os='mingw32'
host_vendor='w64'
htmldir='${docdir}'
includedir='${prefix}/include'
infodir='${datarootdir}/info'
libdir='${exec_prefix}/lib'
libexecdir='${exec_prefix}/libexec'
localedir='${datarootdir}/locale'
localstatedir='${prefix}/var'
mandir='${datarootdir}/man'
oldincludedir='/usr/include'
pdfdir='${docdir}'
prefix='/usr/local'
program_transform_name='s,x,x,'
psdir='${docdir}'
sbindir='${exec_prefix}/sbin'
sharedstatedir='${prefix}/com'
sysconfdir='${prefix}/etc'
target_alias=''

## ----------- ##
## confdefs.h. ##
## ----------- ##

/* confdefs.h */
#define PACKAGE_NAME ""
#define PACKAGE_TARNAME ""
#define PACKAGE_VERSION ""
#define PACKAGE_STRING ""
#define PACKAGE_BUGREPORT ""
#define PACKAGE_URL ""
#define INSTALLPREFIX "/usr/local"
#define STDC_HEADERS 1
#define HAVE_SYS_TYPES_H 1
#define HAVE_SYS_STAT_H 1
#define HAVE_STDLIB_H 1
#define HAVE_STRING_H 1
#define HAVE_MEMORY_H 1
#define HAVE_INTTYPES_H 1
#define HAVE_STDINT_H 1
#define __EXTENSIONS__ 1
#define _ALL_SOURCE 1
#define _GNU_SOURCE 1
#define _POSIX_PTHREAD_SEMANTICS 1
#define _TANDEM_SOURCE 1
#define LT_OBJDIR ".libs/"
#define HAVE_VISIBILITY 0
#define HAVE_WORKING_O_NOATIME 0
#define HAVE_WORKING_O_NOFOLLOW 0
#define HAVE_SETLOCALE 1

configure: exit 0
