This file contains any messages produced by compilers while
running configure, to aid debugging if configure makes a mistake.

It was created by configure, which was
generated by GNU Autoconf 2.68.  Invocation command line was

  $ ./configure --disable-option-checking --prefix=/usr/local --build=i686-w64-mingw32 --host=i686-w64-mingw32 build_alias=i686-w64-mingw32 host_alias=i686-w64-mingw32 CC=icl --cache-file=/dev/null --srcdir=.

## --------- ##
## Platform. ##
## --------- ##

hostname = Matt
uname -m = i686
uname -r = 2.0.0(0.270/5/3)
uname -s = MSYS_NT-6.2-WOW64
uname -v = 2013-09-01 20:43

/usr/bin/uname -p = unknown
/bin/uname -X     = unknown

/bin/arch              = i686
/usr/bin/arch -k       = unknown
/usr/convex/getsysinfo = unknown
/usr/bin/hostinfo      = unknown
/bin/machine           = unknown
/usr/bin/oslevel       = unknown
/bin/universe          = unknown

PATH: /usr/local/bin
PATH: /usr/bin
PATH: /c/Program Files (x86)/Intel/Composer XE 2013 SP1/bin/ia32
PATH: /c/Program Files (x86)/Intel/Composer XE 2013 SP1/redist/ia32/compiler
PATH: /c/Program Files (x86)/Microsoft Visual Studio 12.0/Common7/IDE/CommonExtensions/Microsoft/TestWindow
PATH: /c/Program Files (x86)/Microsoft SDKs/F#/3.1/Framework/v4.0
PATH: /c/Program Files (x86)/MSBuild/12.0/bin
PATH: /c/Program Files (x86)/Microsoft Visual Studio 12.0/Common7/IDE
PATH: /c/Program Files (x86)/Microsoft Visual Studio 12.0/VC/BIN
PATH: /c/Program Files (x86)/Microsoft Visual Studio 12.0/Common7/Tools
PATH: /c/Windows/Microsoft.NET/Framework/v4.0.30319
PATH: /c/Program Files (x86)/Microsoft Visual Studio 12.0/VC/VCPackages
PATH: /c/Program Files (x86)/HTML Help Workshop
PATH: /c/Program Files (x86)/Microsoft Visual Studio 12.0/Team Tools/Performance Tools
PATH: /c/Program Files (x86)/Windows Kits/8.1/bin/x86
PATH: /c/Program Files (x86)/Microsoft SDKs/Windows/v8.1A/bin/NETFX 4.5.1 Tools
PATH: /c/Program Files (x86)/Intel/Composer XE 2013 SP1/redist/ia32/mkl
PATH: /c/Program Files (x86)/Intel/Composer XE 2013 SP1/redist/ia32/compiler
PATH: /c/Program Files (x86)/Intel/Advisor XE 2013/bin32
PATH: /c/Program Files (x86)/Intel/VTune Amplifier XE 2013/bin32
PATH: /c/Program Files (x86)/Intel/Inspector XE 2013/bin32
PATH: /c/Program Files (x86)/Common Files/Intel/Shared Libraries/redist/intel64/compiler
PATH: /c/Program Files (x86)/Common Files/Intel/Shared Libraries/redist/ia32/compiler
PATH: /c/Program Files (x86)/NVIDIA Corporation/PhysX/Common
PATH: /c/Program Files (x86)/Intel/iCLS Client
PATH: /c/Program Files/Intel/iCLS Client
PATH: /c/Windows/system32
PATH: /c/Windows
PATH: /c/Windows/System32/Wbem
PATH: /c/Windows/System32/WindowsPowerShell/v1.0
PATH: /c/Program Files/Intel/Intel(R) Management Engine Components/DAL
PATH: /c/Program Files/Intel/Intel(R) Management Engine Components/IPT
PATH: /c/Program Files (x86)/Intel/Intel(R) Management Engine Components/DAL
PATH: /c/Program Files (x86)/Intel/Intel(R) Management Engine Components/IPT
PATH: /c/Program Files (x86)/Windows Kits/8.1/Windows Performance Toolkit
PATH: /c/Program Files/Microsoft SQL Server/110/Tools/Binn
PATH: /c/SDKs/Perl/c/bin
PATH: /c/SDKs/Perl/perl/site/bin
PATH: /c/SDKs/Perl/perl/bin
PATH: /c/SDKs/Intel/OpenCL SDK/3.0/bin/x86
PATH: /c/SDKs/Intel/OpenCL SDK/3.0/bin/x64
PATH: /c/Program Files (x86)/Intel/Composer XE 2013 SP1/redist/ia32/mpirt


## ----------- ##
## Core tests. ##
## ----------- ##

configure:2172: checking whether make sets $(MAKE)
configure:2194: result: yes
configure:2215: checking for i686-w64-mingw32-gcc
configure:2242: result: icl
configure:2511: checking for C compiler version
configure:2520: icl --version >&5
Intel(R) C++ Compiler XE for applications running on IA-32, Version 14.0.1.139 Build 20131008
Copyright (C) 1985-2013 Intel Corporation.  All rights reserved.
icl: command line warning #10006: ignoring unknown option '/-version'

icl: command line error: no files specified; for help type "icl /help"
configure:2531: $? = 1
configure:2520: icl -v >&5
Intel(R) C++ Compiler XE for applications running on IA-32, Version 14.0.1.139 Build 20131008
Copyright (C) 1985-2013 Intel Corporation.  All rights reserved.
icl: command line warning #10006: ignoring unknown option '/v'

icl: command line error: no files specified; for help type "icl /help"
configure:2531: $? = 1
configure:2520: icl -V >&5
Intel(R) C++ Compiler XE for applications running on IA-32, Version 14.0.1.139 Build 20131008
Copyright (C) 1985-2013 Intel Corporation.  All rights reserved.
icl: command line warning #10155: ignoring option '/V'; argument required

icl: command line error: no files specified; for help type "icl /help"
configure:2531: $? = 1
configure:2520: icl -qversion >&5
Intel(R) C++ Compiler XE for applications running on IA-32, Version 14.0.1.139 Build 20131008
Copyright (C) 1985-2013 Intel Corporation.  All rights reserved.
icl: command line warning #10006: ignoring unknown option '/qversion'

icl: command line error: no files specified; for help type "icl /help"
configure:2531: $? = 1
configure:2551: checking whether the C compiler works
configure:2573: icl    conftest.c  >&5
Intel(R) C++ Compiler XE for applications running on IA-32, Version 14.0.1.139 Build 20131008
Copyright (C) 1985-2013 Intel Corporation.  All rights reserved.

conftest.c
Microsoft (R) Incremental Linker Version 12.00.21005.1
Copyright (C) Microsoft Corporation.  All rights reserved.

-out:conftest.exe 
conftest.obj 
configure:2577: $? = 0
configure:2625: result: yes
configure:2628: checking for C compiler default output file name
configure:2630: result: conftest.exe
configure:2636: checking for suffix of executables
configure:2643: icl -o conftest.exe    conftest.c  >&5
Intel(R) C++ Compiler XE for applications running on IA-32, Version 14.0.1.139 Build 20131008
Copyright (C) 1985-2013 Intel Corporation.  All rights reserved.

conftest.c
Microsoft (R) Incremental Linker Version 12.00.21005.1
Copyright (C) Microsoft Corporation.  All rights reserved.

-out:conftest.exe 
conftest.obj 
configure:2647: $? = 0
configure:2669: result: .exe
configure:2691: checking whether we are cross compiling
configure:2699: icl -o conftest.exe    conftest.c  >&5
Intel(R) C++ Compiler XE for applications running on IA-32, Version 14.0.1.139 Build 20131008
Copyright (C) 1985-2013 Intel Corporation.  All rights reserved.

conftest.c
Microsoft (R) Incremental Linker Version 12.00.21005.1
Copyright (C) Microsoft Corporation.  All rights reserved.

-out:conftest.exe 
conftest.obj 
configure:2703: $? = 0
configure:2710: ./conftest.exe
configure:2714: $? = 0
configure:2729: result: no
configure:2734: checking for suffix of object files
configure:2756: icl -c   conftest.c >&5
Intel(R) C++ Compiler XE for applications running on IA-32, Version 14.0.1.139 Build 20131008
Copyright (C) 1985-2013 Intel Corporation.  All rights reserved.

conftest.c
configure:2760: $? = 0
configure:2781: result: obj
configure:2785: checking whether we are using the GNU C compiler
configure:2804: icl -c   conftest.c >&5
conftest.c
conftest.c(14): error: identifier "choke" is undefined
         choke me
         ^

Intel(R) C++ Compiler XE for applications running on IA-32, Version 14.0.1.139 Build 20131008
Copyright (C) 1985-2013 Intel Corporation.  All rights reserved.

compilation aborted for conftest.c (code 2)
configure:2804: $? = 2
configure: failed program was:
| /* confdefs.h */
| #define PACKAGE_NAME ""
| #define PACKAGE_TARNAME ""
| #define PACKAGE_VERSION ""
| #define PACKAGE_STRING ""
| #define PACKAGE_BUGREPORT ""
| #define PACKAGE_URL ""
| /* end confdefs.h.  */
| 
| int
| main ()
| {
| #ifndef __GNUC__
|        choke me
| #endif
| 
|   ;
|   return 0;
| }
configure:2813: result: no
configure:2822: checking whether icl accepts -g
configure:2842: icl -c -g  conftest.c >&5
conftest.c
Intel(R) C++ Compiler XE for applications running on IA-32, Version 14.0.1.139 Build 20131008
Copyright (C) 1985-2013 Intel Corporation.  All rights reserved.
icl: command line warning #10006: ignoring unknown option '/g'

configure:2842: $? = 0
configure: failed program was:
| /* confdefs.h */
| #define PACKAGE_NAME ""
| #define PACKAGE_TARNAME ""
| #define PACKAGE_VERSION ""
| #define PACKAGE_STRING ""
| #define PACKAGE_BUGREPORT ""
| #define PACKAGE_URL ""
| /* end confdefs.h.  */
| 
| int
| main ()
| {
| 
|   ;
|   return 0;
| }
configure:2857: icl -c   conftest.c >&5
conftest.c
Intel(R) C++ Compiler XE for applications running on IA-32, Version 14.0.1.139 Build 20131008
Copyright (C) 1985-2013 Intel Corporation.  All rights reserved.

configure:2857: $? = 0
configure: failed program was:
| /* confdefs.h */
| #define PACKAGE_NAME ""
| #define PACKAGE_TARNAME ""
| #define PACKAGE_VERSION ""
| #define PACKAGE_STRING ""
| #define PACKAGE_BUGREPORT ""
| #define PACKAGE_URL ""
| /* end confdefs.h.  */
| 
| int
| main ()
| {
| 
|   ;
|   return 0;
| }
configure:2873: icl -c -g  conftest.c >&5
conftest.c
Intel(R) C++ Compiler XE for applications running on IA-32, Version 14.0.1.139 Build 20131008
Copyright (C) 1985-2013 Intel Corporation.  All rights reserved.
icl: command line warning #10006: ignoring unknown option '/g'

configure:2873: $? = 0
configure:2883: result: yes
configure:2900: checking for icl option to accept ISO C89
configure:2964: icl  -c -g  conftest.c >&5
conftest.c
Intel(R) C++ Compiler XE for applications running on IA-32, Version 14.0.1.139 Build 20131008
Copyright (C) 1985-2013 Intel Corporation.  All rights reserved.
icl: command line warning #10006: ignoring unknown option '/g'

configure:2964: $? = 0
configure:2977: result: none needed
configure:3002: checking how to run the C preprocessor
configure:3033: icl -E  conftest.c
Intel(R) C++ Compiler XE for applications running on IA-32, Version 14.0.1.139 Build 20131008
Copyright (C) 1985-2013 Intel Corporation.  All rights reserved.

conftest.c
configure:3033: $? = 0
configure:3047: icl -E  conftest.c
Intel(R) C++ Compiler XE for applications running on IA-32, Version 14.0.1.139 Build 20131008
Copyright (C) 1985-2013 Intel Corporation.  All rights reserved.

conftest.c
conftest.c(9): error #2379: cannot open source file "ac_nonexistent.h"
  #include <ac_nonexistent.h>
                             ^

configure:3047: $? = 2
configure: failed program was:
| /* confdefs.h */
| #define PACKAGE_NAME ""
| #define PACKAGE_TARNAME ""
| #define PACKAGE_VERSION ""
| #define PACKAGE_STRING ""
| #define PACKAGE_BUGREPORT ""
| #define PACKAGE_URL ""
| /* end confdefs.h.  */
| #include <ac_nonexistent.h>
configure:3072: result: icl -E
configure:3092: icl -E  conftest.c
Intel(R) C++ Compiler XE for applications running on IA-32, Version 14.0.1.139 Build 20131008
Copyright (C) 1985-2013 Intel Corporation.  All rights reserved.

conftest.c
configure:3092: $? = 0
configure:3106: icl -E  conftest.c
Intel(R) C++ Compiler XE for applications running on IA-32, Version 14.0.1.139 Build 20131008
Copyright (C) 1985-2013 Intel Corporation.  All rights reserved.

conftest.c
conftest.c(9): error #2379: cannot open source file "ac_nonexistent.h"
  #include <ac_nonexistent.h>
                             ^

configure:3106: $? = 2
configure: failed program was:
| /* confdefs.h */
| #define PACKAGE_NAME ""
| #define PACKAGE_TARNAME ""
| #define PACKAGE_VERSION ""
| #define PACKAGE_STRING ""
| #define PACKAGE_BUGREPORT ""
| #define PACKAGE_URL ""
| /* end confdefs.h.  */
| #include <ac_nonexistent.h>
configure:3148: checking for a BSD-compatible install
configure:3216: result: /usr/bin/install -c
configure:3233: checking build system type
configure:3247: result: i686-w64-mingw32
configure:3267: checking host system type
configure:3280: result: i686-w64-mingw32
configure:3303: checking whether to activate relocatable installation
configure:3318: result: no
configure:3352: checking whether ln -s works
configure:3359: result: no, using cp -p
configure:3367: checking for grep that handles long lines and -e
configure:3425: result: /usr/bin/grep
configure:3430: checking for egrep
configure:3492: result: /usr/bin/grep -E
configure:3497: checking for ANSI C header files
configure:3517: icl -c -g  conftest.c >&5
conftest.c
Intel(R) C++ Compiler XE for applications running on IA-32, Version 14.0.1.139 Build 20131008
Copyright (C) 1985-2013 Intel Corporation.  All rights reserved.
icl: command line warning #10006: ignoring unknown option '/g'

configure:3517: $? = 0
Intel(R) C++ Compiler XE for applications running on IA-32, Version 14.0.1.139 Build 20131008
Copyright (C) 1985-2013 Intel Corporation.  All rights reserved.

conftest.c
Intel(R) C++ Compiler XE for applications running on IA-32, Version 14.0.1.139 Build 20131008
Copyright (C) 1985-2013 Intel Corporation.  All rights reserved.

conftest.c
configure:3590: icl -o conftest.exe -g   conftest.c  >&5
Intel(R) C++ Compiler XE for applications running on IA-32, Version 14.0.1.139 Build 20131008
Copyright (C) 1985-2013 Intel Corporation.  All rights reserved.
icl: command line warning #10006: ignoring unknown option '/g'

conftest.c
Microsoft (R) Incremental Linker Version 12.00.21005.1
Copyright (C) Microsoft Corporation.  All rights reserved.

-out:conftest.exe 
conftest.obj 
configure:3590: $? = 0
configure:3590: ./conftest.exe
configure:3590: $? = 0
configure:3601: result: yes
configure:3614: checking for sys/types.h
configure:3614: icl -c -g  conftest.c >&5
conftest.c
Intel(R) C++ Compiler XE for applications running on IA-32, Version 14.0.1.139 Build 20131008
Copyright (C) 1985-2013 Intel Corporation.  All rights reserved.
icl: command line warning #10006: ignoring unknown option '/g'

configure:3614: $? = 0
configure:3614: result: yes
configure:3614: checking for sys/stat.h
configure:3614: icl -c -g  conftest.c >&5
conftest.c
Intel(R) C++ Compiler XE for applications running on IA-32, Version 14.0.1.139 Build 20131008
Copyright (C) 1985-2013 Intel Corporation.  All rights reserved.
icl: command line warning #10006: ignoring unknown option '/g'

configure:3614: $? = 0
configure:3614: result: yes
configure:3614: checking for stdlib.h
configure:3614: icl -c -g  conftest.c >&5
conftest.c
Intel(R) C++ Compiler XE for applications running on IA-32, Version 14.0.1.139 Build 20131008
Copyright (C) 1985-2013 Intel Corporation.  All rights reserved.
icl: command line warning #10006: ignoring unknown option '/g'

configure:3614: $? = 0
configure:3614: result: yes
configure:3614: checking for string.h
configure:3614: icl -c -g  conftest.c >&5
conftest.c
Intel(R) C++ Compiler XE for applications running on IA-32, Version 14.0.1.139 Build 20131008
Copyright (C) 1985-2013 Intel Corporation.  All rights reserved.
icl: command line warning #10006: ignoring unknown option '/g'

configure:3614: $? = 0
configure:3614: result: yes
configure:3614: checking for memory.h
configure:3614: icl -c -g  conftest.c >&5
conftest.c
Intel(R) C++ Compiler XE for applications running on IA-32, Version 14.0.1.139 Build 20131008
Copyright (C) 1985-2013 Intel Corporation.  All rights reserved.
icl: command line warning #10006: ignoring unknown option '/g'

configure:3614: $? = 0
configure:3614: result: yes
configure:3614: checking for strings.h
configure:3614: icl -c -g  conftest.c >&5
conftest.c
conftest.c(50): catastrophic error: cannot open source file "strings.h"
  #include <strings.h>
                      ^

Intel(R) C++ Compiler XE for applications running on IA-32, Version 14.0.1.139 Build 20131008
Copyright (C) 1985-2013 Intel Corporation.  All rights reserved.
icl: command line warning #10006: ignoring unknown option '/g'

compilation aborted for conftest.c (code 4)
configure:3614: $? = 4
configure: failed program was:
| /* confdefs.h */
| #define PACKAGE_NAME ""
| #define PACKAGE_TARNAME ""
| #define PACKAGE_VERSION ""
| #define PACKAGE_STRING ""
| #define PACKAGE_BUGREPORT ""
| #define PACKAGE_URL ""
| #define INSTALLPREFIX "/usr/local"
| #define STDC_HEADERS 1
| #define HAVE_SYS_TYPES_H 1
| #define HAVE_SYS_STAT_H 1
| #define HAVE_STDLIB_H 1
| #define HAVE_STRING_H 1
| #define HAVE_MEMORY_H 1
| /* end confdefs.h.  */
| #include <stdio.h>
| #ifdef HAVE_SYS_TYPES_H
| # include <sys/types.h>
| #endif
| #ifdef HAVE_SYS_STAT_H
| # include <sys/stat.h>
| #endif
| #ifdef STDC_HEADERS
| # include <stdlib.h>
| # include <stddef.h>
| #else
| # ifdef HAVE_STDLIB_H
| #  include <stdlib.h>
| # endif
| #endif
| #ifdef HAVE_STRING_H
| # if !defined STDC_HEADERS && defined HAVE_MEMORY_H
| #  include <memory.h>
| # endif
| # include <string.h>
| #endif
| #ifdef HAVE_STRINGS_H
| # include <strings.h>
| #endif
| #ifdef HAVE_INTTYPES_H
| # include <inttypes.h>
| #endif
| #ifdef HAVE_STDINT_H
| # include <stdint.h>
| #endif
| #ifdef HAVE_UNISTD_H
| # include <unistd.h>
| #endif
| 
| #include <strings.h>
configure:3614: result: no
configure:3614: checking for inttypes.h
configure:3614: icl -c -g  conftest.c >&5
conftest.c
Intel(R) C++ Compiler XE for applications running on IA-32, Version 14.0.1.139 Build 20131008
Copyright (C) 1985-2013 Intel Corporation.  All rights reserved.
icl: command line warning #10006: ignoring unknown option '/g'

configure:3614: $? = 0
configure:3614: result: yes
configure:3614: checking for stdint.h
configure:3614: icl -c -g  conftest.c >&5
conftest.c
Intel(R) C++ Compiler XE for applications running on IA-32, Version 14.0.1.139 Build 20131008
Copyright (C) 1985-2013 Intel Corporation.  All rights reserved.
icl: command line warning #10006: ignoring unknown option '/g'

configure:3614: $? = 0
configure:3614: result: yes
configure:3614: checking for unistd.h
configure:3614: icl -c -g  conftest.c >&5
conftest.c
conftest.c(52): catastrophic error: cannot open source file "unistd.h"
  #include <unistd.h>
                     ^

Intel(R) C++ Compiler XE for applications running on IA-32, Version 14.0.1.139 Build 20131008
Copyright (C) 1985-2013 Intel Corporation.  All rights reserved.
icl: command line warning #10006: ignoring unknown option '/g'

compilation aborted for conftest.c (code 4)
configure:3614: $? = 4
configure: failed program was:
| /* confdefs.h */
| #define PACKAGE_NAME ""
| #define PACKAGE_TARNAME ""
| #define PACKAGE_VERSION ""
| #define PACKAGE_STRING ""
| #define PACKAGE_BUGREPORT ""
| #define PACKAGE_URL ""
| #define INSTALLPREFIX "/usr/local"
| #define STDC_HEADERS 1
| #define HAVE_SYS_TYPES_H 1
| #define HAVE_SYS_STAT_H 1
| #define HAVE_STDLIB_H 1
| #define HAVE_STRING_H 1
| #define HAVE_MEMORY_H 1
| #define HAVE_INTTYPES_H 1
| #define HAVE_STDINT_H 1
| /* end confdefs.h.  */
| #include <stdio.h>
| #ifdef HAVE_SYS_TYPES_H
| # include <sys/types.h>
| #endif
| #ifdef HAVE_SYS_STAT_H
| # include <sys/stat.h>
| #endif
| #ifdef STDC_HEADERS
| # include <stdlib.h>
| # include <stddef.h>
| #else
| # ifdef HAVE_STDLIB_H
| #  include <stdlib.h>
| # endif
| #endif
| #ifdef HAVE_STRING_H
| # if !defined STDC_HEADERS && defined HAVE_MEMORY_H
| #  include <memory.h>
| # endif
| # include <string.h>
| #endif
| #ifdef HAVE_STRINGS_H
| # include <strings.h>
| #endif
| #ifdef HAVE_INTTYPES_H
| # include <inttypes.h>
| #endif
| #ifdef HAVE_STDINT_H
| # include <stdint.h>
| #endif
| #ifdef HAVE_UNISTD_H
| # include <unistd.h>
| #endif
| 
| #include <unistd.h>
configure:3614: result: no
configure:3629: checking minix/config.h usability
configure:3629: icl -c -g  conftest.c >&5
conftest.c
conftest.c(51): catastrophic error: cannot open source file "minix/config.h"
  #include <minix/config.h>
                           ^

Intel(R) C++ Compiler XE for applications running on IA-32, Version 14.0.1.139 Build 20131008
Copyright (C) 1985-2013 Intel Corporation.  All rights reserved.
icl: command line warning #10006: ignoring unknown option '/g'

compilation aborted for conftest.c (code 4)
configure:3629: $? = 4
configure: failed program was:
| /* confdefs.h */
| #define PACKAGE_NAME ""
| #define PACKAGE_TARNAME ""
| #define PACKAGE_VERSION ""
| #define PACKAGE_STRING ""
| #define PACKAGE_BUGREPORT ""
| #define PACKAGE_URL ""
| #define INSTALLPREFIX "/usr/local"
| #define STDC_HEADERS 1
| #define HAVE_SYS_TYPES_H 1
| #define HAVE_SYS_STAT_H 1
| #define HAVE_STDLIB_H 1
| #define HAVE_STRING_H 1
| #define HAVE_MEMORY_H 1
| #define HAVE_INTTYPES_H 1
| #define HAVE_STDINT_H 1
| /* end confdefs.h.  */
| #include <stdio.h>
| #ifdef HAVE_SYS_TYPES_H
| # include <sys/types.h>
| #endif
| #ifdef HAVE_SYS_STAT_H
| # include <sys/stat.h>
| #endif
| #ifdef STDC_HEADERS
| # include <stdlib.h>
| # include <stddef.h>
| #else
| # ifdef HAVE_STDLIB_H
| #  include <stdlib.h>
| # endif
| #endif
| #ifdef HAVE_STRING_H
| # if !defined STDC_HEADERS && defined HAVE_MEMORY_H
| #  include <memory.h>
| # endif
| # include <string.h>
| #endif
| #ifdef HAVE_STRINGS_H
| # include <strings.h>
| #endif
| #ifdef HAVE_INTTYPES_H
| # include <inttypes.h>
| #endif
| #ifdef HAVE_STDINT_H
| # include <stdint.h>
| #endif
| #ifdef HAVE_UNISTD_H
| # include <unistd.h>
| #endif
| #include <minix/config.h>
configure:3629: result: no
configure:3629: checking minix/config.h presence
configure:3629: icl -E  conftest.c
Intel(R) C++ Compiler XE for applications running on IA-32, Version 14.0.1.139 Build 20131008
Copyright (C) 1985-2013 Intel Corporation.  All rights reserved.

conftest.c
conftest.c(18): error #2379: cannot open source file "minix/config.h"
  #include <minix/config.h>
                           ^

configure:3629: $? = 2
configure: failed program was:
| /* confdefs.h */
| #define PACKAGE_NAME ""
| #define PACKAGE_TARNAME ""
| #define PACKAGE_VERSION ""
| #define PACKAGE_STRING ""
| #define PACKAGE_BUGREPORT ""
| #define PACKAGE_URL ""
| #define INSTALLPREFIX "/usr/local"
| #define STDC_HEADERS 1
| #define HAVE_SYS_TYPES_H 1
| #define HAVE_SYS_STAT_H 1
| #define HAVE_STDLIB_H 1
| #define HAVE_STRING_H 1
| #define HAVE_MEMORY_H 1
| #define HAVE_INTTYPES_H 1
| #define HAVE_STDINT_H 1
| /* end confdefs.h.  */
| #include <minix/config.h>
configure:3629: result: no
configure:3629: checking for minix/config.h
configure:3629: result: no
configure:3658: checking whether it is safe to define __EXTENSIONS__
configure:3676: icl -c -g  conftest.c >&5
conftest.c
Intel(R) C++ Compiler XE for applications running on IA-32, Version 14.0.1.139 Build 20131008
Copyright (C) 1985-2013 Intel Corporation.  All rights reserved.
icl: command line warning #10006: ignoring unknown option '/g'

configure:3676: $? = 0
configure:3683: result: yes
configure:3751: checking how to print strings
configure:3778: result: printf
configure:3799: checking for a sed that does not truncate output
configure:3863: result: /usr/bin/sed
configure:3881: checking for fgrep
configure:3943: result: /usr/bin/grep -F
configure:4011: checking for non-GNU ld
configure:4045: result: /c/SDKs/Perl/c/bin/ld
configure:4052: checking if the linker (/c/SDKs/Perl/c/bin/ld) is GNU ld
configure:4067: result: yes
configure:4079: checking for BSD- or MS-compatible name lister (nm)
configure:4128: result: /c/SDKs/Perl/c/bin/nm
configure:4258: checking the name lister (/c/SDKs/Perl/c/bin/nm) interface
configure:4265: icl -c -g  conftest.c >&5
conftest.c
Intel(R) C++ Compiler XE for applications running on IA-32, Version 14.0.1.139 Build 20131008
Copyright (C) 1985-2013 Intel Corporation.  All rights reserved.
icl: command line warning #10006: ignoring unknown option '/g'

configure:4268: /c/SDKs/Perl/c/bin/nm "conftest.obj"
configure:4271: output
00000000 b .bss
00000000 i .drectve
00000001 a @feat.00
00000000 B _some_variable
configure:4278: result: BSD nm
configure:4282: checking the maximum length of command line arguments
configure:4407: result: 8192
configure:4424: checking whether the shell understands some XSI constructs
configure:4434: result: yes
configure:4438: checking whether the shell understands "+="
configure:4444: result: yes
configure:4479: checking how to convert i686-w64-mingw32 file names to i686-w64-mingw32 format
configure:4519: result: func_convert_file_msys_to_w32
configure:4526: checking how to convert i686-w64-mingw32 file names to toolchain format
configure:4546: result: func_convert_file_msys_to_w32
configure:4553: checking for /c/SDKs/Perl/c/bin/ld option to reload object files
configure:4560: result: -r
configure:4594: checking for i686-w64-mingw32-objdump
configure:4624: result: no
configure:4634: checking for objdump
configure:4650: found /c/SDKs/Perl/c/bin/objdump
configure:4661: result: objdump
configure:4690: checking how to recognize dependent libraries
configure:4892: result: file_magic ^x86 archive import|^x86 DLL
configure:4937: checking for i686-w64-mingw32-dlltool
configure:4967: result: no
configure:4977: checking for dlltool
configure:4993: found /c/SDKs/Perl/c/bin/dlltool
configure:5004: result: dlltool
configure:5034: checking how to associate runtime and link libraries
configure:5061: result: func_cygming_dll_for_implib
configure:5077: checking for i686-w64-mingw32-ar
configure:5107: result: no
configure:5121: checking for ar
configure:5137: found /c/SDKs/Perl/c/bin/ar
configure:5148: result: ar
configure:5185: checking for archiver @FILE support
configure:5202: icl -c -g  conftest.c >&5
conftest.c
Intel(R) C++ Compiler XE for applications running on IA-32, Version 14.0.1.139 Build 20131008
Copyright (C) 1985-2013 Intel Corporation.  All rights reserved.
icl: command line warning #10006: ignoring unknown option '/g'

configure:5202: $? = 0
configure:5205: ar cru libconftest.a @conftest.lst >&5
configure:5208: $? = 0
configure:5213: ar cru libconftest.a @conftest.lst >&5
C:\SDKs\Perl\c\bin\ar.exe: conftest.obj: No such file or directory
configure:5216: $? = 1
configure:5228: result: @
configure:5246: checking for i686-w64-mingw32-strip
configure:5276: result: no
configure:5286: checking for strip
configure:5302: found /c/SDKs/Perl/c/bin/strip
configure:5313: result: strip
configure:5345: checking for i686-w64-mingw32-ranlib
configure:5375: result: no
configure:5385: checking for ranlib
configure:5401: found /c/SDKs/Perl/c/bin/ranlib
configure:5412: result: ranlib
configure:5489: checking for gawk
configure:5505: found /usr/bin/gawk
configure:5516: result: gawk
configure:5556: checking command to parse /c/SDKs/Perl/c/bin/nm output from icl object
configure:5675: icl -c -g  conftest.c >&5
Intel(R) C++ Compiler XE for applications running on IA-32, Version 14.0.1.139 Build 20131008
Copyright (C) 1985-2013 Intel Corporation.  All rights reserved.
icl: command line warning #10006: ignoring unknown option '/g'

conftest.c
configure:5678: $? = 0
configure:5682: /c/SDKs/Perl/c/bin/nm conftest.obj \| sed -n -e 's/^.*[ ]\([ABCDGIRSTW][ABCDGIRSTW]*\)[ ][ ]*\([_A-Za-z][_A-Za-z0-9]*\)\{0,1\}$/\1 \2 \2/p' | sed '/ __gnu_lto/d' \> conftest.nm
configure:5685: $? = 0
cannot find nm_test_var in conftest.nm
configure:5675: icl -c -g  conftest.c >&5
Intel(R) C++ Compiler XE for applications running on IA-32, Version 14.0.1.139 Build 20131008
Copyright (C) 1985-2013 Intel Corporation.  All rights reserved.
icl: command line warning #10006: ignoring unknown option '/g'

conftest.c
configure:5678: $? = 0
configure:5682: /c/SDKs/Perl/c/bin/nm conftest.obj \| sed -n -e 's/^.*[ ]\([ABCDGIRSTW][ABCDGIRSTW]*\)[ ][ ]*_\([_A-Za-z][_A-Za-z0-9]*\)\{0,1\}$/\1 _\2 \2/p' | sed '/ __gnu_lto/d' \> conftest.nm
configure:5685: $? = 0
configure:5751: icl -o conftest.exe -g   conftest.c conftstm.obj >&5
Intel(R) C++ Compiler XE for applications running on IA-32, Version 14.0.1.139 Build 20131008
Copyright (C) 1985-2013 Intel Corporation.  All rights reserved.
icl: command line warning #10006: ignoring unknown option '/g'

conftest.c
Microsoft (R) Incremental Linker Version 12.00.21005.1
Copyright (C) Microsoft Corporation.  All rights reserved.

-out:conftest.exe 
conftest.obj 
conftstm.obj 
configure:5754: $? = 0
configure:5792: result: ok
configure:5829: checking for sysroot
configure:5859: result: no
configure:6062: checking for i686-w64-mingw32-mt
configure:6092: result: no
configure:6102: checking for mt
configure:6118: found /c/Program Files (x86)/Windows Kits/8.1/bin/x86/mt
configure:6129: result: mt
configure:6152: checking if mt is a manifest tool
configure:6158: mt '-?'
configure:6166: result: yes
configure:6795: checking for dlfcn.h
configure:6795: icl -c -g  conftest.c >&5
conftest.c
conftest.c(57): catastrophic error: cannot open source file "dlfcn.h"
  #include <dlfcn.h>
                    ^

Intel(R) C++ Compiler XE for applications running on IA-32, Version 14.0.1.139 Build 20131008
Copyright (C) 1985-2013 Intel Corporation.  All rights reserved.
icl: command line warning #10006: ignoring unknown option '/g'

compilation aborted for conftest.c (code 4)
configure:6795: $? = 4
configure: failed program was:
| /* confdefs.h */
| #define PACKAGE_NAME ""
| #define PACKAGE_TARNAME ""
| #define PACKAGE_VERSION ""
| #define PACKAGE_STRING ""
| #define PACKAGE_BUGREPORT ""
| #define PACKAGE_URL ""
| #define INSTALLPREFIX "/usr/local"
| #define STDC_HEADERS 1
| #define HAVE_SYS_TYPES_H 1
| #define HAVE_SYS_STAT_H 1
| #define HAVE_STDLIB_H 1
| #define HAVE_STRING_H 1
| #define HAVE_MEMORY_H 1
| #define HAVE_INTTYPES_H 1
| #define HAVE_STDINT_H 1
| #define __EXTENSIONS__ 1
| #define _ALL_SOURCE 1
| #define _GNU_SOURCE 1
| #define _POSIX_PTHREAD_SEMANTICS 1
| #define _TANDEM_SOURCE 1
| /* end confdefs.h.  */
| #include <stdio.h>
| #ifdef HAVE_SYS_TYPES_H
| # include <sys/types.h>
| #endif
| #ifdef HAVE_SYS_STAT_H
| # include <sys/stat.h>
| #endif
| #ifdef STDC_HEADERS
| # include <stdlib.h>
| # include <stddef.h>
| #else
| # ifdef HAVE_STDLIB_H
| #  include <stdlib.h>
| # endif
| #endif
| #ifdef HAVE_STRING_H
| # if !defined STDC_HEADERS && defined HAVE_MEMORY_H
| #  include <memory.h>
| # endif
| # include <string.h>
| #endif
| #ifdef HAVE_STRINGS_H
| # include <strings.h>
| #endif
| #ifdef HAVE_INTTYPES_H
| # include <inttypes.h>
| #endif
| #ifdef HAVE_STDINT_H
| # include <stdint.h>
| #endif
| #ifdef HAVE_UNISTD_H
| # include <unistd.h>
| #endif
| 
| #include <dlfcn.h>
configure:6795: result: no
configure:6818: checking for i686-w64-mingw32-as
configure:6848: result: no
configure:6858: checking for as
configure:6874: found /c/SDKs/Perl/c/bin/as
configure:6885: result: as
configure:6910: checking for i686-w64-mingw32-dlltool
configure:6937: result: dlltool
configure:7002: checking for i686-w64-mingw32-objdump
configure:7029: result: objdump
configure:7280: checking for objdir
configure:7295: result: .libs
conftest.c
conftest.c
Microsoft (R) Incremental Linker Version 12.00.21005.1
Copyright (C) Microsoft Corporation.  All rights reserved.

-out:conftest.exe 
conftest.obj 
configure:7911: checking for icl option to produce PIC
configure:7918: result: -DDLL_EXPORT -DPIC
configure:7926: checking if icl PIC flag -DDLL_EXPORT -DPIC works
configure:7944: icl -c -g  -DDLL_EXPORT -DPIC -DPIC conftest.c >&5
conftest.c
Intel(R) C++ Compiler XE for applications running on IA-32, Version 14.0.1.139 Build 20131008
Copyright (C) 1985-2013 Intel Corporation.  All rights reserved.
icl: command line warning #10006: ignoring unknown option '/g'

configure:7948: $? = 0
configure:7961: result: yes
configure:7990: checking if icl static flag  works
conftest.c
Microsoft (R) Incremental Linker Version 12.00.21005.1
Copyright (C) Microsoft Corporation.  All rights reserved.

-out:conftest.exe 
conftest.obj 
Intel(R) C++ Compiler XE for applications running on IA-32, Version 14.0.1.139 Build 20131008
Copyright (C) 1985-2013 Intel Corporation.  All rights reserved.
icl: command line warning #10006: ignoring unknown option '/g'

configure:8018: result: yes
configure:8033: checking if icl supports -c -o file.obj
configure:8054: icl -c -g  -o out/conftest2.obj conftest.c >&5
conftest.c
Intel(R) C++ Compiler XE for applications running on IA-32, Version 14.0.1.139 Build 20131008
Copyright (C) 1985-2013 Intel Corporation.  All rights reserved.
icl: command line warning #10006: ignoring unknown option '/g'

configure:8058: $? = 0
configure:8080: result: no
configure:8088: checking if icl supports -c -o file.obj
configure:8135: result: no
configure:8144: checking if we can lock with hard links
configure:8152: result: yes
configure:8168: checking whether the icl linker (/c/SDKs/Perl/c/bin/ld) supports shared libraries
configure:9326: result: yes
configure:9571: checking dynamic linker characteristics
configure:10307: result: Win32 ld.exe
configure:10414: checking how to hardcode library paths into programs
configure:10439: result: immediate
configure:10979: checking whether stripping libraries is possible
configure:10984: result: yes
configure:11019: checking if libtool supports shared libraries
configure:11021: result: yes
configure:11024: checking whether to build shared libraries
configure:11045: result: yes
configure:11048: checking whether to build static libraries
configure:11052: result: no
configure:11335: creating ./config.status

## ---------------------- ##
## Running config.status. ##
## ---------------------- ##

This file was extended by config.status, which was
generated by GNU Autoconf 2.68.  Invocation command line was

  CONFIG_FILES    = 
  CONFIG_HEADERS  = 
  CONFIG_LINKS    = 
  CONFIG_COMMANDS = 
  $ ./config.status 

on Matt

config.status:984: creating Makefile
config.status:1150: executing libtool commands

## ---------------- ##
## Cache variables. ##
## ---------------- ##

ac_cv_build=i686-w64-mingw32
ac_cv_c_compiler_gnu=no
ac_cv_env_CC_set=set
ac_cv_env_CC_value=icl
ac_cv_env_CFLAGS_set=
ac_cv_env_CFLAGS_value=
ac_cv_env_CPPFLAGS_set=
ac_cv_env_CPPFLAGS_value=
ac_cv_env_CPP_set=
ac_cv_env_CPP_value=
ac_cv_env_LDFLAGS_set=
ac_cv_env_LDFLAGS_value=
ac_cv_env_LIBS_set=
ac_cv_env_LIBS_value=
ac_cv_env_build_alias_set=set
ac_cv_env_build_alias_value=i686-w64-mingw32
ac_cv_env_host_alias_set=set
ac_cv_env_host_alias_value=i686-w64-mingw32
ac_cv_env_target_alias_set=
ac_cv_env_target_alias_value=
ac_cv_exeext=.exe
ac_cv_header_dlfcn_h=no
ac_cv_header_inttypes_h=yes
ac_cv_header_memory_h=yes
ac_cv_header_minix_config_h=no
ac_cv_header_stdc=yes
ac_cv_header_stdint_h=yes
ac_cv_header_stdlib_h=yes
ac_cv_header_string_h=yes
ac_cv_header_strings_h=no
ac_cv_header_sys_stat_h=yes
ac_cv_header_sys_types_h=yes
ac_cv_header_unistd_h=no
ac_cv_host=i686-w64-mingw32
ac_cv_objext=obj
ac_cv_path_EGREP='/usr/bin/grep -E'
ac_cv_path_FGREP='/usr/bin/grep -F'
ac_cv_path_GREP=/usr/bin/grep
ac_cv_path_SED=/usr/bin/sed
ac_cv_path_install='/usr/bin/install -c'
ac_cv_prog_AWK=gawk
ac_cv_prog_CC=icl
ac_cv_prog_CPP='icl -E'
ac_cv_prog_DLLTOOL=dlltool
ac_cv_prog_OBJDUMP=objdump
ac_cv_prog_ac_ct_AR=ar
ac_cv_prog_ac_ct_AS=as
ac_cv_prog_ac_ct_DLLTOOL=dlltool
ac_cv_prog_ac_ct_MANIFEST_TOOL=mt
ac_cv_prog_ac_ct_OBJDUMP=objdump
ac_cv_prog_ac_ct_RANLIB=ranlib
ac_cv_prog_ac_ct_STRIP=strip
ac_cv_prog_cc_c89=
ac_cv_prog_cc_g=yes
ac_cv_prog_make_make_set=yes
ac_cv_safe_to_define___extensions__=yes
lt_cv_ar_at_file=@
lt_cv_deplibs_check_method='file_magic ^x86 archive import|^x86 DLL'
lt_cv_file_magic_cmd=func_win32_libid
lt_cv_file_magic_test_file=
lt_cv_ld_reload_flag=-r
lt_cv_nm_interface='BSD nm'
lt_cv_objdir=.libs
lt_cv_path_LD=/c/SDKs/Perl/c/bin/ld
lt_cv_path_NM=/c/SDKs/Perl/c/bin/nm
lt_cv_path_mainfest_tool=yes
lt_cv_prog_compiler_c_o=no
lt_cv_prog_compiler_pic='-DDLL_EXPORT -DPIC'
lt_cv_prog_compiler_pic_works=yes
lt_cv_prog_compiler_static_works=yes
lt_cv_prog_gnu_ld=yes
lt_cv_sharedlib_from_linklib_cmd=func_cygming_dll_for_implib
lt_cv_sys_global_symbol_pipe='sed -n -e '\''s/^.*[	 ]\([ABCDGIRSTW][ABCDGIRSTW]*\)[	 ][	 ]*_\([_A-Za-z][_A-Za-z0-9]*\)\{0,1\}$/\1 _\2 \2/p'\'' | sed '\''/ __gnu_lto/d'\'''
lt_cv_sys_global_symbol_to_c_name_address='sed -n -e '\''s/^: \([^ ]*\)[ ]*$/  {\"\1\", (void *) 0},/p'\'' -e '\''s/^[ABCDGIRSTW]* \([^ ]*\) \([^ ]*\)$/  {"\2", (void *) \&\2},/p'\'''
lt_cv_sys_global_symbol_to_c_name_address_lib_prefix='sed -n -e '\''s/^: \([^ ]*\)[ ]*$/  {\"\1\", (void *) 0},/p'\'' -e '\''s/^[ABCDGIRSTW]* \([^ ]*\) \(lib[^ ]*\)$/  {"\2", (void *) \&\2},/p'\'' -e '\''s/^[ABCDGIRSTW]* \([^ ]*\) \([^ ]*\)$/  {"lib\2", (void *) \&\2},/p'\'''
lt_cv_sys_global_symbol_to_cdecl='sed -n -e '\''s/^T .* \(.*\)$/extern int \1();/p'\'' -e '\''s/^[ABCDGIRSTW]* .* \(.*\)$/extern char \1;/p'\'''
lt_cv_sys_max_cmd_len=8192
lt_cv_to_host_file_cmd=func_convert_file_msys_to_w32
lt_cv_to_tool_file_cmd=func_convert_file_msys_to_w32

## ----------------- ##
## Output variables. ##
## ----------------- ##

AR='ar'
AS='as'
AWK='gawk'
CC='icl'
CFLAGS='-g'
CFLAG_VISIBILITY=''
CPP='icl -E'
CPPFLAGS=''
DEFS='-DPACKAGE_NAME=\"\" -DPACKAGE_TARNAME=\"\" -DPACKAGE_VERSION=\"\" -DPACKAGE_STRING=\"\" -DPACKAGE_BUGREPORT=\"\" -DPACKAGE_URL=\"\" -DINSTALLPREFIX=\"/usr/local\" -DSTDC_HEADERS=1 -DHAVE_SYS_TYPES_H=1 -DHAVE_SYS_STAT_H=1 -DHAVE_STDLIB_H=1 -DHAVE_STRING_H=1 -DHAVE_MEMORY_H=1 -DHAVE_INTTYPES_H=1 -DHAVE_STDINT_H=1 -D__EXTENSIONS__=1 -D_ALL_SOURCE=1 -D_GNU_SOURCE=1 -D_POSIX_PTHREAD_SEMANTICS=1 -D_TANDEM_SOURCE=1 -DLT_OBJDIR=\".libs/\" -DHAVE_VISIBILITY=0'
DLLTOOL='dlltool'
DSYMUTIL=''
DUMPBIN=''
ECHO_C=''
ECHO_N='-n'
ECHO_T=''
EGREP='/usr/bin/grep -E'
EXEEXT='.exe'
FGREP='/usr/bin/grep -F'
GREP='/usr/bin/grep'
HAVE_VISIBILITY='0'
INSTALL_DATA='${INSTALL} -m 644'
INSTALL_PROGRAM='${INSTALL}'
INSTALL_SCRIPT='${INSTALL}'
LD='/c/SDKs/Perl/c/bin/ld'
LDFLAGS=''
LIBOBJS=''
LIBS=''
LIBTOOL='/bin/sh $(top_builddir)/libtool'
LIPO=''
LN_S='cp -p'
LTLIBOBJS=''
MANIFEST_TOOL='mt'
NM='/c/SDKs/Perl/c/bin/nm'
NMEDIT=''
OBJDUMP='objdump'
OBJEXT='obj'
OTOOL64=''
OTOOL=''
PACKAGE=''
PACKAGE_BUGREPORT=''
PACKAGE_NAME=''
PACKAGE_STRING=''
PACKAGE_TARNAME=''
PACKAGE_URL=''
PACKAGE_VERSION=''
PATH_SEPARATOR=':'
PLUGLIB=''
RANLIB='ranlib'
RELOCATABLE='no'
SED='/usr/bin/sed'
SET_MAKE=''
SHELL='/bin/sh'
STRIP='strip'
VERSION=''
ac_ct_AR='ar'
ac_ct_CC=''
ac_ct_DUMPBIN=''
bindir='${exec_prefix}/bin'
build='i686-w64-mingw32'
build_alias='i686-w64-mingw32'
build_cpu='i686'
build_os='mingw32'
build_vendor='w64'
datadir='${datarootdir}'
datarootdir='${prefix}/share'
docdir='${datarootdir}/doc/${PACKAGE}'
dvidir='${docdir}'
exec_prefix='${prefix}'
host='i686-w64-mingw32'
host_alias='i686-w64-mingw32'
host_cpu='i686'
host_os='mingw32'
host_vendor='w64'
htmldir='${docdir}'
includedir='${prefix}/include'
infodir='${datarootdir}/info'
libdir='${exec_prefix}/lib'
libexecdir='${exec_prefix}/libexec'
localedir='${datarootdir}/locale'
localstatedir='${prefix}/var'
mandir='${datarootdir}/man'
oldincludedir='/usr/include'
pdfdir='${docdir}'
prefix='/usr/local'
program_transform_name='s,x,x,'
psdir='${docdir}'
sbindir='${exec_prefix}/sbin'
sharedstatedir='${prefix}/com'
sysconfdir='${prefix}/etc'
target_alias=''

## ----------- ##
## confdefs.h. ##
## ----------- ##

/* confdefs.h */
#define PACKAGE_NAME ""
#define PACKAGE_TARNAME ""
#define PACKAGE_VERSION ""
#define PACKAGE_STRING ""
#define PACKAGE_BUGREPORT ""
#define PACKAGE_URL ""
#define INSTALLPREFIX "/usr/local"
#define STDC_HEADERS 1
#define HAVE_SYS_TYPES_H 1
#define HAVE_SYS_STAT_H 1
#define HAVE_STDLIB_H 1
#define HAVE_STRING_H 1
#define HAVE_MEMORY_H 1
#define HAVE_INTTYPES_H 1
#define HAVE_STDINT_H 1
#define __EXTENSIONS__ 1
#define _ALL_SOURCE 1
#define _GNU_SOURCE 1
#define _POSIX_PTHREAD_SEMANTICS 1
#define _TANDEM_SOURCE 1
#define LT_OBJDIR ".libs/"
#define HAVE_VISIBILITY 0

configure: exit 0
